{"api":"Node Game Server","label":"Uygulama V1","level":"\u001b[32minfo\u001b[39m","message":"Connected to MongoDB","timestamp":"2023-08-19T10:49:26.743Z"}
{"api":"Node Game Server","label":"Uygulama V1","level":"\u001b[32minfo\u001b[39m","message":"Connected to MongoDB","timestamp":"2023-08-19T10:50:55.528Z"}
{"api":"Node Game Server","label":"Uygulama V1","level":"\u001b[32minfo\u001b[39m","message":"Connected to MongoDB","timestamp":"2023-08-19T10:51:29.857Z"}
{"api":"Node Game Server","label":"Uygulama V1","level":"\u001b[32minfo\u001b[39m","message":"Connected to MongoDB","timestamp":"2023-08-19T10:52:18.971Z"}
{"api":"Node Game Server","label":"Uygulama V1","level":"\u001b[32minfo\u001b[39m","message":"Connected to MongoDB","timestamp":"2023-08-19T10:52:23.490Z"}
{"api":"Node Game Server","label":"Uygulama V1","level":"\u001b[32minfo\u001b[39m","message":"Connected to MongoDB","timestamp":"2023-08-19T10:52:47.281Z"}
{"api":"Node Game Server","label":"Uygulama V1","level":"\u001b[32minfo\u001b[39m","message":"Connected to MongoDB","timestamp":"2023-08-19T10:53:01.501Z"}
{"api":"Node Game Server","label":"Uygulama V1","level":"\u001b[32minfo\u001b[39m","message":"Connected to MongoDB","timestamp":"2023-08-19T10:53:05.097Z"}
{"api":"Node Game Server","label":"Uygulama V1","level":"\u001b[32minfo\u001b[39m","message":"Connected to MongoDB","timestamp":"2023-08-19T10:54:02.591Z"}
{"api":"Node Game Server","label":"Uygulama V1","level":"\u001b[32minfo\u001b[39m","message":"Connected to MongoDB","timestamp":"2023-08-19T10:54:25.653Z"}
{"api":"Node Game Server","label":"Uygulama V1","level":"\u001b[32minfo\u001b[39m","message":"Connected to MongoDB","timestamp":"2023-08-19T10:54:29.275Z"}
{"api":"Node Game Server","label":"Uygulama V1","level":"\u001b[32minfo\u001b[39m","message":"Connected to MongoDB","timestamp":"2023-08-19T10:54:34.485Z"}
{"api":"Node Game Server","label":"Uygulama V1","level":"\u001b[32minfo\u001b[39m","message":"Connected to MongoDB","timestamp":"2023-08-19T10:54:41.414Z"}
{"api":"Node Game Server","label":"Uygulama V1","level":"\u001b[32minfo\u001b[39m","message":"Connected to MongoDB","timestamp":"2023-08-19T10:55:35.281Z"}
{"api":"Node Game Server","label":"Uygulama V1","level":"\u001b[32minfo\u001b[39m","message":"Connected to MongoDB","timestamp":"2023-08-19T10:55:54.235Z"}
{"api":"Node Game Server","label":"Uygulama V1","level":"\u001b[32minfo\u001b[39m","message":"Connected to MongoDB","timestamp":"2023-08-19T10:57:39.277Z"}
{"api":"Node Game Server","label":"Uygulama V1","level":"\u001b[32minfo\u001b[39m","message":"Connected to MongoDB","timestamp":"2023-08-19T10:57:47.916Z"}
{"api":"Node Game Server","label":"Uygulama V1","level":"\u001b[32minfo\u001b[39m","message":"Connected to MongoDB","timestamp":"2023-08-19T10:57:54.245Z"}
{"api":"Node Game Server","label":"Uygulama V1","level":"\u001b[32minfo\u001b[39m","message":"Connected to MongoDB","timestamp":"2023-08-19T11:03:45.137Z"}
{"api":"Node Game Server","label":"Uygulama V1","level":"\u001b[32minfo\u001b[39m","message":"Connected to MongoDB","timestamp":"2023-08-19T11:03:51.179Z"}
{"api":"Node Game Server","label":"Uygulama V1","level":"\u001b[32minfo\u001b[39m","message":"Connected to MongoDB","timestamp":"2023-08-19T11:04:09.421Z"}
{"api":"Node Game Server","label":"Uygulama V1","level":"\u001b[32minfo\u001b[39m","message":"Connected to MongoDB","timestamp":"2023-08-19T11:04:37.191Z"}
{"api":"Node Game Server","label":"Uygulama V1","level":"\u001b[32minfo\u001b[39m","message":"Connected to MongoDB","timestamp":"2023-08-19T11:04:46.113Z"}
{"api":"Node Game Server","label":"Uygulama V1","level":"\u001b[32minfo\u001b[39m","message":"Connected to MongoDB","timestamp":"2023-08-19T11:04:54.094Z"}
{"api":"Node Game Server","label":"Uygulama V1","level":"\u001b[32minfo\u001b[39m","message":"Connected to MongoDB","timestamp":"2023-08-19T11:05:02.112Z"}
{"api":"Node Game Server","label":"Uygulama V1","level":"\u001b[32minfo\u001b[39m","message":"Connected to MongoDB","timestamp":"2023-08-19T11:05:06.124Z"}
{"api":"Node Game Server","label":"Uygulama V1","level":"\u001b[32minfo\u001b[39m","message":"Connected to MongoDB","timestamp":"2023-08-19T11:05:09.873Z"}
{"api":"Node Game Server","label":"Uygulama V1","level":"\u001b[32minfo\u001b[39m","message":"Connected to MongoDB","timestamp":"2023-08-19T11:05:25.581Z"}
{"api":"Node Game Server","label":"Uygulama V1","level":"\u001b[32minfo\u001b[39m","message":"Connected to MongoDB","timestamp":"2023-08-19T11:05:30.061Z"}
{"api":"Node Game Server","label":"Uygulama V1","level":"\u001b[32minfo\u001b[39m","message":"Connected to MongoDB","timestamp":"2023-08-19T11:05:36.872Z"}
{"api":"Node Game Server","label":"Uygulama V1","level":"\u001b[32minfo\u001b[39m","message":"Connected to MongoDB","timestamp":"2023-08-19T11:05:46.440Z"}
{"api":"Node Game Server","label":"Uygulama V1","level":"\u001b[32minfo\u001b[39m","message":"Connected to MongoDB","timestamp":"2023-08-19T11:05:55.093Z"}
{"api":"Node Game Server","label":"Uygulama V1","level":"\u001b[32minfo\u001b[39m","message":"Connected to MongoDB","timestamp":"2023-08-19T11:13:51.084Z"}
{"api":"Node Game Server","label":"Uygulama V1","level":"\u001b[32minfo\u001b[39m","message":"Connected to MongoDB","timestamp":"2023-08-19T11:13:57.489Z"}
{"api":"Node Game Server","label":"Uygulama V1","level":"\u001b[32minfo\u001b[39m","message":"Connected to MongoDB","timestamp":"2023-08-19T11:14:01.875Z"}
{"api":"Node Game Server","label":"Uygulama V1","level":"\u001b[32minfo\u001b[39m","message":"Connected to MongoDB","timestamp":"2023-08-19T11:14:12.961Z"}
{"api":"Node Game Server","label":"Uygulama V1","level":"\u001b[32minfo\u001b[39m","message":"Connected to MongoDB","timestamp":"2023-08-19T11:14:17.350Z"}
{"api":"Node Game Server","label":"Uygulama V1","level":"\u001b[32minfo\u001b[39m","message":"Connected to MongoDB","timestamp":"2023-08-19T11:14:24.393Z"}
{"api":"Node Game Server","label":"Uygulama V1","level":"\u001b[31merror\u001b[39m","message":"Ip Adresi: ::1 - \n    PATH: /create - \n    BODY: {\"name\":\"Emircan\",\"email\":\"yasar.emircann@gmail.com\",\"username\":\"emircanny\",\"password\":\"22454035230\"} - \n    PARAMS: {} -\n    QUERY: {} - \n    ERROR TIME: 1692443800733 -\n    URL: /create -\n    ERROR MESSAGE : ValidationError: password: Path `password` is required., username: Path `username` is required., email: Path `email` is required., name: Path `name` is required. - \n    ERROR CALLSTACK : {} -\n    CUSTOM INFO : undefined\n    ","timestamp":"2023-08-19T11:16:40.733Z"}
{"api":"Node Game Server","label":"Uygulama V1","level":"\u001b[32minfo\u001b[39m","message":"Connected to MongoDB","timestamp":"2023-08-19T11:22:07.799Z"}
{"api":"Node Game Server","label":"Uygulama V1","level":"\u001b[32minfo\u001b[39m","message":"Connected to MongoDB","timestamp":"2023-08-19T11:22:16.839Z"}
{"api":"Node Game Server","label":"Uygulama V1","level":"\u001b[32minfo\u001b[39m","message":"Connected to MongoDB","timestamp":"2023-08-19T11:22:26.765Z"}
{"api":"Node Game Server","label":"Uygulama V1","level":"\u001b[32minfo\u001b[39m","message":"Connected to MongoDB","timestamp":"2023-08-19T11:22:38.770Z"}
{"api":"Node Game Server","label":"Uygulama V1","level":"\u001b[32minfo\u001b[39m","message":"Connected to MongoDB","timestamp":"2023-08-19T11:22:42.943Z"}
{"api":"Node Game Server","label":"Uygulama V1","level":"\u001b[32minfo\u001b[39m","message":"Connected to MongoDB","timestamp":"2023-08-19T11:22:55.387Z"}
{"api":"Node Game Server","label":"Uygulama V1","level":"\u001b[32minfo\u001b[39m","message":"Connected to MongoDB","timestamp":"2023-08-19T11:23:03.174Z"}
{"api":"Node Game Server","label":"Uygulama V1","level":"\u001b[32minfo\u001b[39m","message":"Connected to MongoDB","timestamp":"2023-08-19T11:23:12.878Z"}
{"api":"Node Game Server","label":"Uygulama V1","level":"\u001b[32minfo\u001b[39m","message":"Connected to MongoDB","timestamp":"2023-08-19T11:23:20.635Z"}
{"api":"Node Game Server","label":"Uygulama V1","level":"\u001b[32minfo\u001b[39m","message":"Connected to MongoDB","timestamp":"2023-08-19T11:23:24.059Z"}
{"api":"Node Game Server","label":"Uygulama V1","level":"\u001b[32minfo\u001b[39m","message":"Connected to MongoDB","timestamp":"2023-08-19T11:23:30.462Z"}
{"api":"Node Game Server","label":"Uygulama V1","level":"\u001b[32minfo\u001b[39m","message":"Connected to MongoDB","timestamp":"2023-08-19T11:23:40.949Z"}
{"api":"Node Game Server","label":"Uygulama V1","level":"\u001b[32minfo\u001b[39m","message":"Connected to MongoDB","timestamp":"2023-08-19T11:23:46.579Z"}
{"api":"Node Game Server","label":"Uygulama V1","level":"\u001b[32minfo\u001b[39m","message":"Connected to MongoDB","timestamp":"2023-08-19T11:24:17.506Z"}
{"api":"Node Game Server","label":"Uygulama V1","level":"\u001b[32minfo\u001b[39m","message":"Connected to MongoDB","timestamp":"2023-08-19T11:24:25.109Z"}
{"api":"Node Game Server","label":"Uygulama V1","level":"\u001b[32minfo\u001b[39m","message":"Connected to MongoDB","timestamp":"2023-08-19T11:24:31.646Z"}
{"api":"Node Game Server","label":"Uygulama V1","level":"\u001b[32minfo\u001b[39m","message":"Connected to MongoDB","timestamp":"2023-08-19T11:24:34.984Z"}
{"api":"Node Game Server","label":"Uygulama V1","level":"\u001b[32minfo\u001b[39m","message":"Connected to MongoDB","timestamp":"2023-08-19T11:24:41.568Z"}
{"api":"Node Game Server","label":"Uygulama V1","level":"\u001b[32minfo\u001b[39m","message":"Connected to MongoDB","timestamp":"2023-08-19T11:24:46.387Z"}
{"api":"Node Game Server","label":"Uygulama V1","level":"\u001b[32minfo\u001b[39m","message":"Connected to MongoDB","timestamp":"2023-08-19T11:26:34.188Z"}
{"api":"Node Game Server","label":"Uygulama V1","level":"\u001b[32minfo\u001b[39m","message":"Connected to MongoDB","timestamp":"2023-08-19T11:26:40.686Z"}
{"api":"Node Game Server","label":"Uygulama V1","level":"\u001b[32minfo\u001b[39m","message":"Connected to MongoDB","timestamp":"2023-08-19T11:26:51.400Z"}
{"api":"Node Game Server","label":"Uygulama V1","level":"\u001b[32minfo\u001b[39m","message":"Connected to MongoDB","timestamp":"2023-08-19T11:26:55.861Z"}
{"api":"Node Game Server","label":"Uygulama V1","level":"\u001b[32minfo\u001b[39m","message":"Connected to MongoDB","timestamp":"2023-08-19T11:27:03.917Z"}
{"api":"Node Game Server","label":"Uygulama V1","level":"\u001b[32minfo\u001b[39m","message":"Connected to MongoDB","timestamp":"2023-08-19T11:27:20.159Z"}
{"api":"Node Game Server","label":"Uygulama V1","level":"\u001b[31merror\u001b[39m","message":"Ip Adresi: ::1 - \n    PATH: /create - \n    BODY: {\"name\":\"Emircan\",\"email\":\"yasar.emircann@gmail.com\",\"username\":\"emircanny\",\"password\":\"22454035230\"} - \n    PARAMS: {} -\n    QUERY: {} - \n    ERROR TIME: 1692444459629 -\n    URL: /create -\n    ERROR MESSAGE : ValidationError: password: Path `password` is required., username: Path `username` is required., email: Path `email` is required., name: Path `name` is required. - \n    ERROR CALLSTACK : {} -\n    CUSTOM INFO : undefined\n    ","timestamp":"2023-08-19T11:27:39.629Z"}
{"api":"Node Game Server","label":"Uygulama V1","level":"\u001b[31merror\u001b[39m","message":"Ip Adresi: ::1 - \n    PATH: /create - \n    BODY: {\"name\":\"Emircan\",\"email\":\"yasar.emircann@gmail.com\",\"username\":\"emircanny\",\"password\":\"22454035230\"} - \n    PARAMS: {} -\n    QUERY: {} - \n    ERROR TIME: 1692444501785 -\n    URL: /create -\n    ERROR MESSAGE : ValidationError: password: Path `password` is required., username: Path `username` is required., email: Path `email` is required., name: Path `name` is required. - \n    ERROR CALLSTACK : {} -\n    CUSTOM INFO : undefined\n    ","timestamp":"2023-08-19T11:28:21.785Z"}
{"api":"Node Game Server","label":"Uygulama V1","level":"\u001b[32minfo\u001b[39m","message":"Connected to MongoDB","timestamp":"2023-08-19T11:28:50.526Z"}
{"api":"Node Game Server","label":"Uygulama V1","level":"\u001b[32minfo\u001b[39m","message":"Connected to MongoDB","timestamp":"2023-08-19T11:28:54.722Z"}
{"api":"Node Game Server","label":"Uygulama V1","level":"\u001b[32minfo\u001b[39m","message":"Connected to MongoDB","timestamp":"2023-08-19T11:29:02.886Z"}
{"api":"Node Game Server","label":"Uygulama V1","level":"\u001b[31merror\u001b[39m","message":"Ip Adresi: ::1 - \n    PATH: /create - \n    BODY: {\"name\":\"Emircan\",\"email\":\"yasar.emircann@gmail.com\",\"username\":\"emircanny\",\"password\":\"22454035230\"} - \n    PARAMS: {} -\n    QUERY: {} - \n    ERROR TIME: 1692444546592 -\n    URL: /create -\n    ERROR MESSAGE : ValidationError: password: Path `password` is required., username: Path `username` is required., email: Path `email` is required., name: Path `name` is required. - \n    ERROR CALLSTACK : {} -\n    CUSTOM INFO : undefined\n    ","timestamp":"2023-08-19T11:29:06.592Z"}
{"api":"Node Game Server","label":"Uygulama V1","level":"\u001b[32minfo\u001b[39m","message":"Connected to MongoDB","timestamp":"2023-08-19T11:29:36.584Z"}
{"api":"Node Game Server","label":"Uygulama V1","level":"\u001b[31merror\u001b[39m","message":"Ip Adresi: ::1 - \n    PATH: /create - \n    BODY: {\"name\":\"Emircan\",\"email\":\"yasar.emircann@gmail.com\",\"username\":\"emircanny\",\"password\":\"22454035230\"} - \n    PARAMS: {} -\n    QUERY: {} - \n    ERROR TIME: 1692444581413 -\n    URL: /create -\n    ERROR MESSAGE : ValidationError: password: Path `password` is required., username: Path `username` is required., email: Path `email` is required., name: Path `name` is required. - \n    ERROR CALLSTACK : {} -\n    CUSTOM INFO : undefined\n    ","timestamp":"2023-08-19T11:29:41.414Z"}
{"api":"Node Game Server","label":"Uygulama V1","level":"\u001b[32minfo\u001b[39m","message":"Connected to MongoDB","timestamp":"2023-08-19T11:30:22.915Z"}
{"api":"Node Game Server","label":"Uygulama V1","level":"\u001b[32minfo\u001b[39m","message":"Connected to MongoDB","timestamp":"2023-08-19T11:30:56.261Z"}
{"api":"Node Game Server","label":"Uygulama V1","level":"\u001b[31merror\u001b[39m","message":"Ip Adresi: ::1 - \n    PATH: /create - \n    BODY: {\"name\":\"Emircan\",\"email\":\"yasar.emircann@gmail.com\",\"username\":\"emircanny\",\"password\":\"22454035230\"} - \n    PARAMS: {} -\n    QUERY: {} - \n    ERROR TIME: 1692444668474 -\n    URL: /create -\n    ERROR MESSAGE : ValidationError: password: Path `password` is required., username: Path `username` is required., email: Path `email` is required., name: Path `name` is required. - \n    ERROR CALLSTACK : {} -\n    CUSTOM INFO : undefined\n    ","timestamp":"2023-08-19T11:31:08.474Z"}
{"api":"Node Game Server","label":"Uygulama V1","level":"\u001b[32minfo\u001b[39m","message":"Connected to MongoDB","timestamp":"2023-08-19T11:31:27.144Z"}
{"api":"Node Game Server","label":"Uygulama V1","level":"\u001b[31merror\u001b[39m","message":"Ip Adresi: ::1 - \n    PATH: /create - \n    BODY: {\"name\":\"Emircan\",\"email\":\"yasar.emircann@gmail.com\",\"username\":\"emircanny\",\"password\":\"22454035230\"} - \n    PARAMS: {} -\n    QUERY: {} - \n    ERROR TIME: 1692444689129 -\n    URL: /create -\n    ERROR MESSAGE : ValidationError: password: Path `password` is required., username: Path `username` is required., email: Path `email` is required., name: Path `name` is required. - \n    ERROR CALLSTACK : {} -\n    CUSTOM INFO : undefined\n    ","timestamp":"2023-08-19T11:31:29.129Z"}
{"api":"Node Game Server","label":"Uygulama V1","level":"\u001b[32minfo\u001b[39m","message":"Connected to MongoDB","timestamp":"2023-08-19T11:32:27.860Z"}
{"api":"Node Game Server","label":"Uygulama V1","level":"\u001b[31merror\u001b[39m","message":"Ip Adresi: ::1 - \n    PATH: /create - \n    BODY: {\"name\":\"Emircan\",\"email\":\"yasar.emircann@gmail.com\",\"username\":\"emircanny\",\"password\":\"22454035230\"} - \n    PARAMS: {} -\n    QUERY: {} - \n    ERROR TIME: 1692444749630 -\n    URL: /create -\n    ERROR MESSAGE : ValidationError: password: Path `password` is required., username: Path `username` is required., email: Path `email` is required., name: Path `name` is required. - \n    ERROR CALLSTACK : {} -\n    CUSTOM INFO : undefined\n    ","timestamp":"2023-08-19T11:32:29.630Z"}
{"api":"Node Game Server","label":"Uygulama V1","level":"\u001b[32minfo\u001b[39m","message":"Connected to MongoDB","timestamp":"2023-08-19T11:33:11.084Z"}
{"api":"Node Game Server","label":"Uygulama V1","level":"\u001b[32minfo\u001b[39m","message":"Connected to MongoDB","timestamp":"2023-08-19T11:33:16.022Z"}
{"api":"Node Game Server","label":"Uygulama V1","level":"\u001b[31merror\u001b[39m","message":"Ip Adresi: ::1 - \n    PATH: /create - \n    BODY: {\"name\":\"Emircan\",\"email\":\"yasar.emircann@gmail.com\",\"username\":\"emircanny\",\"password\":\"22454035230\"} - \n    PARAMS: {} -\n    QUERY: {} - \n    ERROR TIME: 1692444799248 -\n    URL: /create -\n    ERROR MESSAGE : ValidationError: password: Path `password` is required., username: Path `username` is required., email: Path `email` is required., name: Path `name` is required. - \n    ERROR CALLSTACK : {} -\n    CUSTOM INFO : undefined\n    ","timestamp":"2023-08-19T11:33:19.248Z"}
{"api":"Node Game Server","label":"Uygulama V1","level":"\u001b[32minfo\u001b[39m","message":"Connected to MongoDB","timestamp":"2023-08-19T11:34:00.127Z"}
{"api":"Node Game Server","label":"Uygulama V1","level":"\u001b[32minfo\u001b[39m","message":"Connected to MongoDB","timestamp":"2023-08-19T11:34:04.618Z"}
{"api":"Node Game Server","label":"Uygulama V1","level":"\u001b[31merror\u001b[39m","message":"Ip Adresi: ::1 - \n    PATH: /create - \n    BODY: {\"name\":\"Emircan\",\"email\":\"yasar.emircann@gmail.com\",\"username\":\"emircanny\",\"password\":\"22454035230\"} - \n    PARAMS: {} -\n    QUERY: {} - \n    ERROR TIME: 1692444900131 -\n    URL: /create -\n    ERROR MESSAGE : ValidationError: password: Path `password` is required., username: Path `username` is required., email: Path `email` is required., name: Path `name` is required. - \n    ERROR CALLSTACK : {} -\n    CUSTOM INFO : undefined\n    ","timestamp":"2023-08-19T11:35:00.131Z"}
{"api":"Node Game Server","label":"Uygulama V1","level":"\u001b[32minfo\u001b[39m","message":"Connected to MongoDB","timestamp":"2023-08-19T11:35:14.573Z"}
{"api":"Node Game Server","label":"Uygulama V1","level":"\u001b[32minfo\u001b[39m","message":"Connected to MongoDB","timestamp":"2023-08-19T11:36:37.206Z"}
{"api":"Node Game Server","label":"Uygulama V1","level":"\u001b[32minfo\u001b[39m","message":"Connected to MongoDB","timestamp":"2023-08-19T11:36:51.045Z"}
{"api":"Node Game Server","label":"Uygulama V1","level":"\u001b[32minfo\u001b[39m","message":"Connected to MongoDB","timestamp":"2023-08-19T11:37:36.487Z"}
{"api":"Node Game Server","label":"Uygulama V1","level":"\u001b[32minfo\u001b[39m","message":"Connected to MongoDB","timestamp":"2023-08-19T11:37:55.958Z"}
{"api":"Node Game Server","label":"Uygulama V1","level":"\u001b[32minfo\u001b[39m","message":"Connected to MongoDB","timestamp":"2023-08-19T11:37:59.255Z"}
{"api":"Node Game Server","label":"Uygulama V1","level":"\u001b[32minfo\u001b[39m","message":"Connected to MongoDB","timestamp":"2023-08-19T11:38:04.378Z"}
{"api":"Node Game Server","label":"Uygulama V1","level":"\u001b[32minfo\u001b[39m","message":"Connected to MongoDB","timestamp":"2023-08-19T11:38:10.047Z"}
{"api":"Node Game Server","label":"Uygulama V1","level":"\u001b[32minfo\u001b[39m","message":"Connected to MongoDB","timestamp":"2023-08-19T11:38:35.012Z"}
{"api":"Node Game Server","label":"Uygulama V1","level":"\u001b[31merror\u001b[39m","message":"Ip Adresi: ::1 - \n    PATH: /create - \n    BODY: {\"name\":\"Emircan\",\"email\":\"yasar.emircann@gmail.com\",\"username\":\"emircanny\",\"password\":\"22454035230\"} - \n    PARAMS: {} -\n    QUERY: {} - \n    ERROR TIME: 1692445115820 -\n    URL: /create -\n    ERROR MESSAGE : Error: Bu email halihazırda kullanımda - \n    ERROR CALLSTACK : {} -\n    CUSTOM INFO : undefined\n    ","timestamp":"2023-08-19T11:38:35.820Z"}
{"api":"Node Game Server","label":"Uygulama V1","level":"\u001b[32minfo\u001b[39m","message":"Connected to MongoDB","timestamp":"2023-08-19T11:39:12.949Z"}
{"api":"Node Game Server","label":"Uygulama V1","level":"\u001b[32minfo\u001b[39m","message":"Connected to MongoDB","timestamp":"2023-08-19T11:39:19.796Z"}
{"api":"Node Game Server","label":"Uygulama V1","level":"\u001b[31merror\u001b[39m","message":"Ip Adresi: ::1 - \n    PATH: /create - \n    BODY: {\"name\":\"Emircan\",\"email\":\"yasar.emircann1@gmail.com\",\"username\":\"emircanny\",\"password\":\"22454035230\"} - \n    PARAMS: {} -\n    QUERY: {} - \n    ERROR TIME: 1692445210191 -\n    URL: /create -\n    ERROR MESSAGE : Error: Bu kullanıcı adı halihazırda kullanımda - \n    ERROR CALLSTACK : {} -\n    CUSTOM INFO : undefined\n    ","timestamp":"2023-08-19T11:40:10.191Z"}
{"api":"Node Game Server","label":"Uygulama V1","level":"\u001b[32minfo\u001b[39m","message":"Connected to MongoDB","timestamp":"2023-08-19T11:40:44.409Z"}
{"api":"Node Game Server","label":"Uygulama V1","level":"\u001b[32minfo\u001b[39m","message":"Connected to MongoDB","timestamp":"2023-08-19T11:40:48.492Z"}
{"api":"Node Game Server","label":"Uygulama V1","level":"\u001b[32minfo\u001b[39m","message":"Connected to MongoDB","timestamp":"2023-08-19T11:40:55.593Z"}
{"api":"Node Game Server","label":"Uygulama V1","level":"\u001b[32minfo\u001b[39m","message":"Connected to MongoDB","timestamp":"2023-08-19T11:41:52.886Z"}
{"api":"Node Game Server","label":"Uygulama V1","level":"\u001b[32minfo\u001b[39m","message":"Connected to MongoDB","timestamp":"2023-08-19T11:42:37.752Z"}
{"api":"Node Game Server","label":"Uygulama V1","level":"\u001b[32minfo\u001b[39m","message":"Connected to MongoDB","timestamp":"2023-08-19T11:42:43.285Z"}
{"api":"Node Game Server","label":"Uygulama V1","level":"\u001b[32minfo\u001b[39m","message":"Connected to MongoDB","timestamp":"2023-08-19T11:42:50.848Z"}
{"api":"Node Game Server","label":"Uygulama V1","level":"\u001b[32minfo\u001b[39m","message":"Connected to MongoDB","timestamp":"2023-08-19T11:42:58.206Z"}
{"api":"Node Game Server","label":"Uygulama V1","level":"\u001b[32minfo\u001b[39m","message":"Connected to MongoDB","timestamp":"2023-08-19T11:43:09.790Z"}
{"api":"Node Game Server","label":"Uygulama V1","level":"\u001b[31merror\u001b[39m","message":"Ip Adresi: ::1 - \n    PATH: /create - \n    BODY: {\"name\":\"Emircan\",\"email\":\"yasar.emircann1@gmail.com\",\"username\":\"emircanny\",\"password\":\"22454035230\"} - \n    PARAMS: {} -\n    QUERY: {} - \n    ERROR TIME: 1692445390645 -\n    URL: /create -\n    ERROR MESSAGE : Converting circular structure to JSON\n    --> starting at object with constructor 'Socket'\n    |     property '_writableState' -> object with constructor 'WritableState'\n    |     property 'afterWriteTickInfo' -> object with constructor 'Object'\n    --- property 'stream' closes the circle - \n    ERROR CALLSTACK : {} -\n    CUSTOM INFO : undefined\n    ","timestamp":"2023-08-19T11:43:10.645Z"}
{"api":"Node Game Server","label":"Uygulama V1","level":"\u001b[32minfo\u001b[39m","message":"Connected to MongoDB","timestamp":"2023-08-19T11:44:11.587Z"}
{"api":"Node Game Server","label":"Uygulama V1","level":"\u001b[31merror\u001b[39m","message":"Ip Adresi: ::1 - \n    PATH: /create - \n    BODY: {\"name\":\"Emircan\",\"email\":\"yasar.emircann1@gmail.com\",\"username\":\"emircanny\",\"password\":\"22454035230\"} - \n    PARAMS: {} -\n    QUERY: {} - \n    ERROR TIME: 1692445472100 -\n    URL: /create -\n    ERROR MESSAGE : Converting circular structure to JSON\n    --> starting at object with constructor 'Socket'\n    |     property '_writableState' -> object with constructor 'WritableState'\n    |     property 'afterWriteTickInfo' -> object with constructor 'Object'\n    --- property 'stream' closes the circle - \n    ERROR CALLSTACK : {} -\n    CUSTOM INFO : undefined\n    ","timestamp":"2023-08-19T11:44:32.100Z"}
{"api":"Node Game Server","label":"Uygulama V1","level":"\u001b[32minfo\u001b[39m","message":"Connected to MongoDB","timestamp":"2023-08-19T11:44:45.520Z"}
{"api":"Node Game Server","label":"Uygulama V1","level":"\u001b[32minfo\u001b[39m","message":"Connected to MongoDB","timestamp":"2023-08-19T11:44:54.707Z"}
{"api":"Node Game Server","label":"Uygulama V1","level":"\u001b[32minfo\u001b[39m","message":"Connected to MongoDB","timestamp":"2023-08-19T11:44:59.858Z"}
{"api":"Node Game Server","label":"Uygulama V1","level":"\u001b[31merror\u001b[39m","message":"Ip Adresi: ::1 - \n    PATH: /create - \n    BODY: {\"name\":\"Emircan\",\"email\":\"yasar.emircann1@gmail.com\",\"username\":\"emircanny\",\"password\":\"22454035230\"} - \n    PARAMS: {} -\n    QUERY: {} - \n    ERROR TIME: 1692445537872 -\n    URL: /create -\n    ERROR MESSAGE : Error: Bu kullanıcı adı halihazırda kullanımda - \n    ERROR CALLSTACK : {} -\n    CUSTOM INFO : undefined\n    ","timestamp":"2023-08-19T11:45:37.872Z"}
{"api":"Node Game Server","label":"Uygulama V1","level":"\u001b[31merror\u001b[39m","message":"Ip Adresi: ::1 - \n    PATH: /create - \n    BODY: {\"name\":\"Emircan\",\"email\":\"yasar.emircann1@gmail.com\",\"username\":\"emircanny\",\"password\":\"22454035230\"} - \n    PARAMS: {} -\n    QUERY: {} - \n    ERROR TIME: 1692445567907 -\n    URL: /create -\n    ERROR MESSAGE : Error: Bu kullanıcı adı halihazırda kullanımda - \n    ERROR CALLSTACK : {} -\n    CUSTOM INFO : undefined\n    ","timestamp":"2023-08-19T11:46:07.907Z"}
{"api":"Node Game Server","label":"Uygulama V1","level":"\u001b[31merror\u001b[39m","message":"Ip Adresi: ::1 - \n    PATH: /create - \n    BODY: {\"name\":\"Emircan\",\"email\":\"yasar.emircann1@gmail.com\",\"username\":\"emircannys\",\"password\":\"22454035230\"} - \n    PARAMS: {} -\n    QUERY: {} - \n    ERROR TIME: 1692445583554 -\n    URL: /create -\n    ERROR MESSAGE : Error: Bu kullanıcı adı halihazırda kullanımda - \n    ERROR CALLSTACK : {} -\n    CUSTOM INFO : undefined\n    ","timestamp":"2023-08-19T11:46:23.554Z"}
{"api":"Node Game Server","label":"Uygulama V1","level":"\u001b[31merror\u001b[39m","message":"Ip Adresi: ::1 - \n    PATH: /create - \n    BODY: {\"name\":\"Emircan\",\"email\":\"yasar.emircann1@gmail.com\",\"username\":\"emircannys\",\"password\":\"22454035230\"} - \n    PARAMS: {} -\n    QUERY: {} - \n    ERROR TIME: 1692445601279 -\n    URL: /create -\n    ERROR MESSAGE : Error: Bu kullanıcı adı halihazırda kullanımda - \n    ERROR CALLSTACK : {} -\n    CUSTOM INFO : undefined\n    ","timestamp":"2023-08-19T11:46:41.279Z"}
{"api":"Node Game Server","label":"Uygulama V1","level":"\u001b[31merror\u001b[39m","message":"Ip Adresi: ::1 - \n    PATH: /create - \n    BODY: {\"name\":\"Emircan\",\"email\":\"yasar.emircann1@gmail.com\",\"username\":\"emircannyss\",\"password\":\"22454035230\"} - \n    PARAMS: {} -\n    QUERY: {} - \n    ERROR TIME: 1692445608409 -\n    URL: /create -\n    ERROR MESSAGE : Error: Bu kullanıcı adı halihazırda kullanımda - \n    ERROR CALLSTACK : {} -\n    CUSTOM INFO : undefined\n    ","timestamp":"2023-08-19T11:46:48.409Z"}
{"api":"Node Game Server","label":"Uygulama V1","level":"\u001b[31merror\u001b[39m","message":"Ip Adresi: ::1 - \n    PATH: /create - \n    BODY: {\"name\":\"Emircan\",\"email\":\"yasar.emircann@gmail.com\",\"username\":\"emircannyss\",\"password\":\"22454035230\"} - \n    PARAMS: {} -\n    QUERY: {} - \n    ERROR TIME: 1692445620907 -\n    URL: /create -\n    ERROR MESSAGE : Error: Bu email halihazırda kullanımda - \n    ERROR CALLSTACK : {} -\n    CUSTOM INFO : undefined\n    ","timestamp":"2023-08-19T11:47:00.907Z"}
{"api":"Node Game Server","label":"Uygulama V1","level":"\u001b[31merror\u001b[39m","message":"Ip Adresi: ::1 - \n    PATH: /create - \n    BODY: {\"name\":\"Emircan\",\"email\":\"yasar.emircann1@gmail.com\",\"username\":\"emircanyss\",\"password\":\"22454035230\"} - \n    PARAMS: {} -\n    QUERY: {} - \n    ERROR TIME: 1692445629968 -\n    URL: /create -\n    ERROR MESSAGE : Error: Bu kullanıcı adı halihazırda kullanımda - \n    ERROR CALLSTACK : {} -\n    CUSTOM INFO : undefined\n    ","timestamp":"2023-08-19T11:47:09.968Z"}
{"api":"Node Game Server","label":"Uygulama V1","level":"\u001b[32minfo\u001b[39m","message":"Connected to MongoDB","timestamp":"2023-08-19T11:47:35.245Z"}
{"api":"Node Game Server","label":"Uygulama V1","level":"\u001b[32minfo\u001b[39m","message":"Connected to MongoDB","timestamp":"2023-08-19T11:55:23.388Z"}
{"api":"Node Game Server","label":"Uygulama V1","level":"\u001b[31merror\u001b[39m","message":"Ip Adresi: ::1 - \n    PATH: /create - \n    BODY: {\"name\":\"Emircan\",\"email\":\"yasar.emircann1@gmail.com\",\"username\":\"emircanys\",\"password\":\"22454035230\"} - \n    PARAMS: {} -\n    QUERY: {} - \n    ERROR TIME: 1692446130899 -\n    URL: /create -\n    ERROR MESSAGE : Error: Bu email halihazırda kullanımda - \n    ERROR CALLSTACK : {} -\n    CUSTOM INFO : undefined\n    ","timestamp":"2023-08-19T11:55:30.899Z"}
{"api":"Node Game Server","label":"Uygulama V1","level":"\u001b[31merror\u001b[39m","message":"Ip Adresi: ::1 - \n    PATH: /create - \n    BODY: {\"name\":\"Emircan\",\"email\":\"yasar.emircann1@gmail.com\",\"username\":\"emircanys\",\"password\":\"22454035230\"} - \n    PARAMS: {} -\n    QUERY: {} - \n    ERROR TIME: 1692446151694 -\n    URL: /create -\n    ERROR MESSAGE : ValidationError: password: Cast to string failed for value \"Promise { <pending> }\" (type Promise) at path \"password\" - \n    ERROR CALLSTACK : {} -\n    CUSTOM INFO : undefined\n    ","timestamp":"2023-08-19T11:55:51.694Z"}
{"api":"Node Game Server","label":"Uygulama V1","level":"\u001b[32minfo\u001b[39m","message":"Connected to MongoDB","timestamp":"2023-08-19T11:56:59.064Z"}
{"api":"Node Game Server","label":"Uygulama V1","level":"\u001b[32minfo\u001b[39m","message":"Connected to MongoDB","timestamp":"2023-08-19T11:57:53.775Z"}
{"api":"Node Game Server","label":"Uygulama V1","level":"\u001b[32minfo\u001b[39m","message":"Connected to MongoDB","timestamp":"2023-08-19T12:00:28.799Z"}
{"api":"Node Game Server","label":"Uygulama V1","level":"\u001b[32minfo\u001b[39m","message":"Connected to MongoDB","timestamp":"2023-08-19T12:02:29.054Z"}
{"api":"Node Game Server","label":"Uygulama V1","level":"\u001b[32minfo\u001b[39m","message":"Connected to MongoDB","timestamp":"2023-08-19T12:02:35.513Z"}
{"api":"Node Game Server","label":"Uygulama V1","level":"\u001b[32minfo\u001b[39m","message":"Connected to MongoDB","timestamp":"2023-08-19T12:03:01.869Z"}
{"api":"Node Game Server","label":"Uygulama V1","level":"\u001b[32minfo\u001b[39m","message":"Connected to MongoDB","timestamp":"2023-08-19T12:03:38.159Z"}
{"api":"Node Game Server","label":"Uygulama V1","level":"\u001b[32minfo\u001b[39m","message":"Connected to MongoDB","timestamp":"2023-08-19T12:03:52.428Z"}
{"api":"Node Game Server","label":"Uygulama V1","level":"\u001b[32minfo\u001b[39m","message":"Connected to MongoDB","timestamp":"2023-08-19T12:04:03.192Z"}
{"api":"Node Game Server","label":"Uygulama V1","level":"\u001b[32minfo\u001b[39m","message":"Connected to MongoDB","timestamp":"2023-08-19T12:04:08.052Z"}
{"api":"Node Game Server","label":"Uygulama V1","level":"\u001b[32minfo\u001b[39m","message":"Connected to MongoDB","timestamp":"2023-08-19T12:04:18.677Z"}
{"api":"Node Game Server","label":"Uygulama V1","level":"\u001b[32minfo\u001b[39m","message":"Connected to MongoDB","timestamp":"2023-08-19T12:04:24.400Z"}
{"api":"Node Game Server","label":"Uygulama V1","level":"\u001b[32minfo\u001b[39m","message":"Connected to MongoDB","timestamp":"2023-08-19T12:04:28.832Z"}
{"api":"Node Game Server","label":"Uygulama V1","level":"\u001b[32minfo\u001b[39m","message":"Connected to MongoDB","timestamp":"2023-08-19T12:04:32.354Z"}
{"api":"Node Game Server","label":"Uygulama V1","level":"\u001b[32minfo\u001b[39m","message":"Connected to MongoDB","timestamp":"2023-08-19T12:06:05.751Z"}
{"api":"Node Game Server","label":"Uygulama V1","level":"\u001b[32minfo\u001b[39m","message":"Connected to MongoDB","timestamp":"2023-08-19T12:09:51.226Z"}
{"api":"Node Game Server","label":"Uygulama V1","level":"\u001b[32minfo\u001b[39m","message":"Connected to MongoDB","timestamp":"2023-08-19T12:09:56.115Z"}
{"api":"Node Game Server","label":"Uygulama V1","level":"\u001b[32minfo\u001b[39m","message":"Connected to MongoDB","timestamp":"2023-08-19T12:10:35.987Z"}
{"api":"Node Game Server","label":"Uygulama V1","level":"\u001b[32minfo\u001b[39m","message":"Connected to MongoDB","timestamp":"2023-08-19T12:11:14.196Z"}
{"api":"Node Game Server","label":"Uygulama V1","level":"\u001b[32minfo\u001b[39m","message":"Connected to MongoDB","timestamp":"2023-08-19T12:11:40.253Z"}
{"api":"Node Game Server","label":"Uygulama V1","level":"\u001b[32minfo\u001b[39m","message":"Connected to MongoDB","timestamp":"2023-08-19T12:11:51.467Z"}
{"api":"Node Game Server","label":"Uygulama V1","level":"\u001b[32minfo\u001b[39m","message":"Connected to MongoDB","timestamp":"2023-08-19T12:12:13.724Z"}
{"api":"Node Game Server","label":"Uygulama V1","level":"\u001b[32minfo\u001b[39m","message":"Connected to MongoDB","timestamp":"2023-08-19T12:12:34.011Z"}
{"api":"Node Game Server","label":"Uygulama V1","level":"\u001b[32minfo\u001b[39m","message":"Connected to MongoDB","timestamp":"2023-08-19T12:12:38.585Z"}
{"api":"Node Game Server","label":"Uygulama V1","level":"\u001b[32minfo\u001b[39m","message":"Connected to MongoDB","timestamp":"2023-08-19T12:12:54.279Z"}
{"api":"Node Game Server","label":"Uygulama V1","level":"\u001b[31merror\u001b[39m","message":"Ip Adresi: ::1 - \n    PATH: /updateImage - \n    BODY: {} - \n    PARAMS: {} -\n    QUERY: {\"id\":\"64e0ae1598c9a7ee00ea1377\"} - \n    ERROR TIME: 1692447295217 -\n    URL: /updateImage?id=64e0ae1598c9a7ee00ea1377 -\n    ERROR MESSAGE : ReferenceError: companyDal is not defined - \n    ERROR CALLSTACK : {} -\n    CUSTOM INFO : undefined\n    ","timestamp":"2023-08-19T12:14:55.217Z"}
{"api":"Node Game Server","label":"Uygulama V1","level":"\u001b[32minfo\u001b[39m","message":"Connected to MongoDB","timestamp":"2023-08-19T12:15:48.142Z"}
{"api":"Node Game Server","label":"Uygulama V1","level":"\u001b[32minfo\u001b[39m","message":"Connected to MongoDB","timestamp":"2023-08-19T12:16:02.260Z"}
{"api":"Node Game Server","label":"Uygulama V1","level":"\u001b[32minfo\u001b[39m","message":"Connected to MongoDB","timestamp":"2023-08-19T12:16:08.355Z"}
{"api":"Node Game Server","label":"Uygulama V1","level":"\u001b[32minfo\u001b[39m","message":"Connected to MongoDB","timestamp":"2023-08-19T12:16:16.121Z"}
{"api":"Node Game Server","label":"Uygulama V1","level":"\u001b[32minfo\u001b[39m","message":"Connected to MongoDB","timestamp":"2023-08-19T12:16:20.249Z"}
{"api":"Node Game Server","label":"Uygulama V1","level":"\u001b[32minfo\u001b[39m","message":"Connected to MongoDB","timestamp":"2023-08-19T12:16:25.698Z"}
{"api":"Node Game Server","label":"Uygulama V1","level":"\u001b[32minfo\u001b[39m","message":"Connected to MongoDB","timestamp":"2023-08-19T12:16:31.301Z"}
{"api":"Node Game Server","label":"Uygulama V1","level":"\u001b[31merror\u001b[39m","message":"Ip Adresi: ::1 - \n    PATH: /updateImage - \n    BODY: {} - \n    PARAMS: {} -\n    QUERY: {\"id\":\"64e0ae1598c9a7ee00ea1377\"} - \n    ERROR TIME: 1692447402285 -\n    URL: /updateImage?id=64e0ae1598c9a7ee00ea1377 -\n    ERROR MESSAGE : ReferenceError: utils is not defined - \n    ERROR CALLSTACK : {} -\n    CUSTOM INFO : undefined\n    ","timestamp":"2023-08-19T12:16:42.285Z"}
{"api":"Node Game Server","label":"Uygulama V1","level":"\u001b[32minfo\u001b[39m","message":"Connected to MongoDB","timestamp":"2023-08-19T12:17:07.797Z"}
{"api":"Node Game Server","label":"Uygulama V1","level":"\u001b[31merror\u001b[39m","message":"Ip Adresi: ::1 - \n    PATH: /updateImage - \n    BODY: {} - \n    PARAMS: {} -\n    QUERY: {\"id\":\"64e0ae1598c9a7ee00ea1377\"} - \n    ERROR TIME: 1692447430672 -\n    URL: /updateImage?id=64e0ae1598c9a7ee00ea1377 -\n    ERROR MESSAGE : ReferenceError: Company is not defined - \n    ERROR CALLSTACK : {} -\n    CUSTOM INFO : undefined\n    ","timestamp":"2023-08-19T12:17:10.672Z"}
{"api":"Node Game Server","label":"Uygulama V1","level":"\u001b[32minfo\u001b[39m","message":"Connected to MongoDB","timestamp":"2023-08-19T12:18:09.600Z"}
{"api":"Node Game Server","label":"Uygulama V1","level":"\u001b[32minfo\u001b[39m","message":"Connected to MongoDB","timestamp":"2023-08-19T12:21:29.777Z"}
{"api":"Node Game Server","label":"Uygulama V1","level":"\u001b[32minfo\u001b[39m","message":"Connected to MongoDB","timestamp":"2023-08-19T12:21:35.461Z"}
{"api":"Node Game Server","label":"Uygulama V1","level":"\u001b[31merror\u001b[39m","message":"Ip Adresi: ::1 - \n    PATH: /updateImage - \n    BODY: {} - \n    PARAMS: {} -\n    QUERY: {\"id\":\"64e0ae1598c9a7ee00ea1377\"} - \n    ERROR TIME: 1692447701044 -\n    URL: /updateImage?id=64e0ae1598c9a7ee00ea1377 -\n    ERROR MESSAGE : Error: ENOENT: no such file or directory, open 'C:\\Users\\User\\Desktop\\React\\game-all\\backend\\uploads\\1692447701034_image_Emrocok_The_Bushwhacker_Ataturk_calling_out_to_his_people_in_Is_f0e740c8-4510-4c40-a489-af3ca9e9fd70.png' - \n    ERROR CALLSTACK : {} -\n    CUSTOM INFO : undefined\n    ","timestamp":"2023-08-19T12:21:41.044Z"}
{"api":"Node Game Server","label":"Uygulama V1","level":"\u001b[32minfo\u001b[39m","message":"Connected to MongoDB","timestamp":"2023-08-19T12:22:37.285Z"}
{"api":"Node Game Server","label":"Uygulama V1","level":"\u001b[32minfo\u001b[39m","message":"Connected to MongoDB","timestamp":"2023-08-19T12:23:50.495Z"}
{"api":"Node Game Server","label":"Uygulama V1","level":"\u001b[32minfo\u001b[39m","message":"Connected to MongoDB","timestamp":"2023-08-19T12:27:16.941Z"}
{"api":"Node Game Server","label":"Uygulama V1","level":"\u001b[32minfo\u001b[39m","message":"Connected to MongoDB","timestamp":"2023-08-19T12:29:06.287Z"}
{"api":"Node Game Server","label":"Uygulama V1","level":"\u001b[32minfo\u001b[39m","message":"Connected to MongoDB","timestamp":"2023-08-19T12:29:45.836Z"}
{"api":"Node Game Server","label":"Uygulama V1","level":"\u001b[32minfo\u001b[39m","message":"Connected to MongoDB","timestamp":"2023-08-19T12:31:38.093Z"}
{"api":"Node Game Server","label":"Uygulama V1","level":"\u001b[32minfo\u001b[39m","message":"Connected to MongoDB","timestamp":"2023-08-19T12:31:55.977Z"}
{"api":"Node Game Server","label":"Uygulama V1","level":"\u001b[32minfo\u001b[39m","message":"Connected to MongoDB","timestamp":"2023-08-19T12:32:02.542Z"}
{"api":"Node Game Server","label":"Uygulama V1","level":"\u001b[32minfo\u001b[39m","message":"Connected to MongoDB","timestamp":"2023-08-19T12:32:11.555Z"}
{"api":"Node Game Server","label":"Uygulama V1","level":"\u001b[32minfo\u001b[39m","message":"Connected to MongoDB","timestamp":"2023-08-19T12:32:15.212Z"}
{"api":"Node Game Server","label":"Uygulama V1","level":"\u001b[32minfo\u001b[39m","message":"Connected to MongoDB","timestamp":"2023-08-19T12:32:18.677Z"}
{"api":"Node Game Server","label":"Uygulama V1","level":"\u001b[32minfo\u001b[39m","message":"Connected to MongoDB","timestamp":"2023-08-19T12:32:29.615Z"}
{"api":"Node Game Server","label":"Uygulama V1","level":"\u001b[32minfo\u001b[39m","message":"Connected to MongoDB","timestamp":"2023-08-19T12:32:54.962Z"}
{"api":"Node Game Server","label":"Uygulama V1","level":"\u001b[32minfo\u001b[39m","message":"Connected to MongoDB","timestamp":"2023-08-19T12:33:00.713Z"}
{"api":"Node Game Server","label":"Uygulama V1","level":"\u001b[32minfo\u001b[39m","message":"Connected to MongoDB","timestamp":"2023-08-19T12:33:08.285Z"}
{"api":"Node Game Server","label":"Uygulama V1","level":"\u001b[32minfo\u001b[39m","message":"Connected to MongoDB","timestamp":"2023-08-19T12:33:18.358Z"}
{"api":"Node Game Server","label":"Uygulama V1","level":"\u001b[32minfo\u001b[39m","message":"Connected to MongoDB","timestamp":"2023-08-19T12:33:51.715Z"}
{"api":"Node Game Server","label":"Uygulama V1","level":"\u001b[32minfo\u001b[39m","message":"Connected to MongoDB","timestamp":"2023-08-19T12:34:06.442Z"}
{"api":"Node Game Server","label":"Uygulama V1","level":"\u001b[32minfo\u001b[39m","message":"Connected to MongoDB","timestamp":"2023-08-19T12:34:12.970Z"}
{"api":"Node Game Server","label":"Uygulama V1","level":"\u001b[32minfo\u001b[39m","message":"Connected to MongoDB","timestamp":"2023-08-19T20:03:54.279Z"}
{"api":"Node Game Server","label":"Uygulama V1","level":"\u001b[32minfo\u001b[39m","message":"Connected to MongoDB","timestamp":"2023-08-19T20:03:58.909Z"}
{"api":"Node Game Server","label":"Uygulama V1","level":"\u001b[32minfo\u001b[39m","message":"Connected to MongoDB","timestamp":"2023-08-19T20:04:08.047Z"}
{"api":"Node Game Server","label":"Uygulama V1","level":"\u001b[32minfo\u001b[39m","message":"Connected to MongoDB","timestamp":"2023-08-19T20:04:15.712Z"}
{"api":"Node Game Server","label":"Uygulama V1","level":"\u001b[32minfo\u001b[39m","message":"Connected to MongoDB","timestamp":"2023-08-19T20:04:38.382Z"}
{"api":"Node Game Server","label":"Uygulama V1","level":"\u001b[32minfo\u001b[39m","message":"Connected to MongoDB","timestamp":"2023-08-19T20:07:33.313Z"}
{"api":"Node Game Server","label":"Uygulama V1","level":"\u001b[32minfo\u001b[39m","message":"Connected to MongoDB","timestamp":"2023-08-19T20:07:41.884Z"}
{"api":"Node Game Server","label":"Uygulama V1","level":"\u001b[32minfo\u001b[39m","message":"Connected to MongoDB","timestamp":"2023-08-19T20:07:49.760Z"}
{"api":"Node Game Server","label":"Uygulama V1","level":"\u001b[32minfo\u001b[39m","message":"Connected to MongoDB","timestamp":"2023-08-19T20:07:57.877Z"}
{"api":"Node Game Server","label":"Uygulama V1","level":"\u001b[32minfo\u001b[39m","message":"Connected to MongoDB","timestamp":"2023-08-19T20:08:01.532Z"}
{"api":"Node Game Server","label":"Uygulama V1","level":"\u001b[32minfo\u001b[39m","message":"Connected to MongoDB","timestamp":"2023-08-19T20:09:35.641Z"}
{"api":"Node Game Server","label":"Uygulama V1","level":"\u001b[32minfo\u001b[39m","message":"Connected to MongoDB","timestamp":"2023-08-19T20:09:53.464Z"}
{"api":"Node Game Server","label":"Uygulama V1","level":"\u001b[32minfo\u001b[39m","message":"Connected to MongoDB","timestamp":"2023-08-19T20:10:08.832Z"}
{"api":"Node Game Server","label":"Uygulama V1","level":"\u001b[32minfo\u001b[39m","message":"Connected to MongoDB","timestamp":"2023-08-19T20:10:20.179Z"}
{"api":"Node Game Server","label":"Uygulama V1","level":"\u001b[32minfo\u001b[39m","message":"Connected to MongoDB","timestamp":"2023-08-19T20:11:02.104Z"}
{"api":"Node Game Server","label":"Uygulama V1","level":"\u001b[32minfo\u001b[39m","message":"Connected to MongoDB","timestamp":"2023-08-19T20:11:36.951Z"}
{"api":"Node Game Server","label":"Uygulama V1","level":"\u001b[32minfo\u001b[39m","message":"Connected to MongoDB","timestamp":"2023-08-19T20:11:44.339Z"}
{"api":"Node Game Server","label":"Uygulama V1","level":"\u001b[32minfo\u001b[39m","message":"Connected to MongoDB","timestamp":"2023-08-19T20:11:50.749Z"}
{"api":"Node Game Server","label":"Uygulama V1","level":"\u001b[32minfo\u001b[39m","message":"Connected to MongoDB","timestamp":"2023-08-19T20:11:57.999Z"}
{"api":"Node Game Server","label":"Uygulama V1","level":"\u001b[32minfo\u001b[39m","message":"Connected to MongoDB","timestamp":"2023-08-19T20:12:04.240Z"}
{"api":"Node Game Server","label":"Uygulama V1","level":"\u001b[32minfo\u001b[39m","message":"Connected to MongoDB","timestamp":"2023-08-19T20:12:33.795Z"}
{"api":"Node Game Server","label":"Uygulama V1","level":"\u001b[32minfo\u001b[39m","message":"Connected to MongoDB","timestamp":"2023-08-19T20:12:43.238Z"}
{"api":"Node Game Server","label":"Uygulama V1","level":"\u001b[32minfo\u001b[39m","message":"Connected to MongoDB","timestamp":"2023-08-19T20:12:56.526Z"}
{"api":"Node Game Server","label":"Uygulama V1","level":"\u001b[32minfo\u001b[39m","message":"Connected to MongoDB","timestamp":"2023-08-19T20:13:09.166Z"}
{"api":"Node Game Server","label":"Uygulama V1","level":"\u001b[32minfo\u001b[39m","message":"Connected to MongoDB","timestamp":"2023-08-19T20:13:25.018Z"}
{"api":"Node Game Server","label":"Uygulama V1","level":"\u001b[32minfo\u001b[39m","message":"Connected to MongoDB","timestamp":"2023-08-19T20:13:33.117Z"}
{"api":"Node Game Server","label":"Uygulama V1","level":"\u001b[32minfo\u001b[39m","message":"Connected to MongoDB","timestamp":"2023-08-19T20:13:42.236Z"}
{"api":"Node Game Server","label":"Uygulama V1","level":"\u001b[32minfo\u001b[39m","message":"Connected to MongoDB","timestamp":"2023-08-19T20:13:47.207Z"}
{"api":"Node Game Server","label":"Uygulama V1","level":"\u001b[32minfo\u001b[39m","message":"Connected to MongoDB","timestamp":"2023-08-19T20:14:13.100Z"}
{"api":"Node Game Server","label":"Uygulama V1","level":"\u001b[32minfo\u001b[39m","message":"Connected to MongoDB","timestamp":"2023-08-19T20:14:25.872Z"}
{"api":"Node Game Server","label":"Uygulama V1","level":"\u001b[32minfo\u001b[39m","message":"Connected to MongoDB","timestamp":"2023-08-19T20:15:35.952Z"}
{"api":"Node Game Server","label":"Uygulama V1","level":"\u001b[32minfo\u001b[39m","message":"Connected to MongoDB","timestamp":"2023-08-19T20:15:42.974Z"}
{"api":"Node Game Server","label":"Uygulama V1","level":"\u001b[32minfo\u001b[39m","message":"Connected to MongoDB","timestamp":"2023-08-19T20:16:44.483Z"}
{"api":"Node Game Server","label":"Uygulama V1","level":"\u001b[32minfo\u001b[39m","message":"Connected to MongoDB","timestamp":"2023-08-19T20:17:52.907Z"}
{"api":"Node Game Server","label":"Uygulama V1","level":"\u001b[32minfo\u001b[39m","message":"Connected to MongoDB","timestamp":"2023-08-19T20:18:31.094Z"}
{"api":"Node Game Server","label":"Uygulama V1","level":"\u001b[32minfo\u001b[39m","message":"Connected to MongoDB","timestamp":"2023-08-19T20:18:50.294Z"}
{"api":"Node Game Server","label":"Uygulama V1","level":"\u001b[32minfo\u001b[39m","message":"Connected to MongoDB","timestamp":"2023-08-19T20:19:24.518Z"}
{"api":"Node Game Server","label":"Uygulama V1","level":"\u001b[32minfo\u001b[39m","message":"Connected to MongoDB","timestamp":"2023-08-19T20:19:57.997Z"}
{"api":"Node Game Server","label":"Uygulama V1","level":"\u001b[32minfo\u001b[39m","message":"Connected to MongoDB","timestamp":"2023-08-19T20:20:27.278Z"}
{"api":"Node Game Server","label":"Uygulama V1","level":"\u001b[32minfo\u001b[39m","message":"Connected to MongoDB","timestamp":"2023-08-19T20:22:47.922Z"}
{"api":"Node Game Server","label":"Uygulama V1","level":"\u001b[32minfo\u001b[39m","message":"Connected to MongoDB","timestamp":"2023-08-19T20:22:55.123Z"}
{"api":"Node Game Server","label":"Uygulama V1","level":"\u001b[32minfo\u001b[39m","message":"Connected to MongoDB","timestamp":"2023-08-19T20:23:02.412Z"}
{"api":"Node Game Server","label":"Uygulama V1","level":"\u001b[32minfo\u001b[39m","message":"Connected to MongoDB","timestamp":"2023-08-19T20:24:26.830Z"}
{"api":"Node Game Server","label":"Uygulama V1","level":"\u001b[32minfo\u001b[39m","message":"Connected to MongoDB","timestamp":"2023-08-19T20:24:33.282Z"}
{"api":"Node Game Server","label":"Uygulama V1","level":"\u001b[32minfo\u001b[39m","message":"Connected to MongoDB","timestamp":"2023-08-19T20:24:37.925Z"}
{"api":"Node Game Server","label":"Uygulama V1","level":"\u001b[32minfo\u001b[39m","message":"Connected to MongoDB","timestamp":"2023-08-19T20:25:26.397Z"}
{"api":"Node Game Server","label":"Uygulama V1","level":"\u001b[32minfo\u001b[39m","message":"Connected to MongoDB","timestamp":"2023-08-19T20:25:36.030Z"}
{"api":"Node Game Server","label":"Uygulama V1","level":"\u001b[32minfo\u001b[39m","message":"Connected to MongoDB","timestamp":"2023-08-19T20:25:43.319Z"}
{"api":"Node Game Server","label":"Uygulama V1","level":"\u001b[32minfo\u001b[39m","message":"Connected to MongoDB","timestamp":"2023-08-19T20:26:15.053Z"}
{"api":"Node Game Server","label":"Uygulama V1","level":"\u001b[32minfo\u001b[39m","message":"Connected to MongoDB","timestamp":"2023-08-19T20:26:24.804Z"}
{"api":"Node Game Server","label":"Uygulama V1","level":"\u001b[32minfo\u001b[39m","message":"Connected to MongoDB","timestamp":"2023-08-19T20:26:28.358Z"}
{"api":"Node Game Server","label":"Uygulama V1","level":"\u001b[32minfo\u001b[39m","message":"Connected to MongoDB","timestamp":"2023-08-19T20:26:35.296Z"}
{"api":"Node Game Server","label":"Uygulama V1","level":"\u001b[32minfo\u001b[39m","message":"Connected to MongoDB","timestamp":"2023-08-19T20:26:41.136Z"}
{"api":"Node Game Server","label":"Uygulama V1","level":"\u001b[32minfo\u001b[39m","message":"Connected to MongoDB","timestamp":"2023-08-19T20:26:46.033Z"}
{"api":"Node Game Server","label":"Uygulama V1","level":"\u001b[31merror\u001b[39m","message":"Ip Adresi: ::1 - \n    PATH: /getAll - \n    BODY: {} - \n    PARAMS: {} -\n    QUERY: {} - \n    ERROR TIME: 1692476896365 -\n    URL: /getAll -\n    ERROR MESSAGE : ReferenceError: username is not defined - \n    ERROR CALLSTACK : {} -\n    CUSTOM INFO : undefined\n    ","timestamp":"2023-08-19T20:28:16.365Z"}
{"api":"Node Game Server","label":"Uygulama V1","level":"\u001b[32minfo\u001b[39m","message":"Connected to MongoDB","timestamp":"2023-08-19T20:28:46.441Z"}
{"api":"Node Game Server","label":"Uygulama V1","level":"\u001b[32minfo\u001b[39m","message":"Connected to MongoDB","timestamp":"2023-08-19T20:28:57.001Z"}
{"api":"Node Game Server","label":"Uygulama V1","level":"\u001b[32minfo\u001b[39m","message":"Connected to MongoDB","timestamp":"2023-08-19T20:29:52.766Z"}
{"api":"Node Game Server","label":"Uygulama V1","level":"\u001b[32minfo\u001b[39m","message":"Connected to MongoDB","timestamp":"2023-08-19T20:30:06.565Z"}
{"api":"Node Game Server","label":"Uygulama V1","level":"\u001b[32minfo\u001b[39m","message":"Connected to MongoDB","timestamp":"2023-08-19T20:30:30.966Z"}
{"api":"Node Game Server","label":"Uygulama V1","level":"\u001b[32minfo\u001b[39m","message":"Connected to MongoDB","timestamp":"2023-08-19T20:30:53.330Z"}
{"api":"Node Game Server","label":"Uygulama V1","level":"\u001b[32minfo\u001b[39m","message":"Connected to MongoDB","timestamp":"2023-08-19T20:31:05.059Z"}
