{"api":"Node Game Server","label":"Uygulama V1","level":"\u001b[32minfo\u001b[39m","message":"Connected to MongoDB","timestamp":"2023-08-19T21:11:10.791Z"}
{"api":"Node Game Server","label":"Uygulama V1","level":"\u001b[32minfo\u001b[39m","message":"Connected to MongoDB","timestamp":"2023-08-19T21:11:50.430Z"}
{"api":"Node Game Server","label":"Uygulama V1","level":"\u001b[32minfo\u001b[39m","message":"Connected to MongoDB","timestamp":"2023-08-19T21:11:58.975Z"}
{"api":"Node Game Server","label":"Uygulama V1","level":"\u001b[32minfo\u001b[39m","message":"Connected to MongoDB","timestamp":"2023-08-19T21:12:03.835Z"}
{"api":"Node Game Server","label":"Uygulama V1","level":"\u001b[32minfo\u001b[39m","message":"Connected to MongoDB","timestamp":"2023-08-19T21:12:14.246Z"}
{"api":"Node Game Server","label":"Uygulama V1","level":"\u001b[32minfo\u001b[39m","message":"Connected to MongoDB","timestamp":"2023-08-19T21:12:18.911Z"}
{"api":"Node Game Server","label":"Uygulama V1","level":"\u001b[32minfo\u001b[39m","message":"Connected to MongoDB","timestamp":"2023-08-19T21:12:23.183Z"}
{"api":"Node Game Server","label":"Uygulama V1","level":"\u001b[32minfo\u001b[39m","message":"Connected to MongoDB","timestamp":"2023-08-19T21:13:08.158Z"}
{"api":"Node Game Server","label":"Uygulama V1","level":"\u001b[32minfo\u001b[39m","message":"Connected to MongoDB","timestamp":"2023-08-19T21:14:28.345Z"}
{"api":"Node Game Server","label":"Uygulama V1","level":"\u001b[32minfo\u001b[39m","message":"Connected to MongoDB","timestamp":"2023-08-19T21:14:41.522Z"}
{"api":"Node Game Server","label":"Uygulama V1","level":"\u001b[32minfo\u001b[39m","message":"Connected to MongoDB","timestamp":"2023-08-19T21:14:52.988Z"}
{"api":"Node Game Server","label":"Uygulama V1","level":"\u001b[32minfo\u001b[39m","message":"Connected to MongoDB","timestamp":"2023-08-19T21:15:14.723Z"}
{"api":"Node Game Server","label":"Uygulama V1","level":"\u001b[32minfo\u001b[39m","message":"Connected to MongoDB","timestamp":"2023-08-19T21:15:19.631Z"}
{"api":"Node Game Server","label":"Uygulama V1","level":"\u001b[32minfo\u001b[39m","message":"Connected to MongoDB","timestamp":"2023-08-19T21:15:34.576Z"}
{"api":"Node Game Server","label":"Uygulama V1","level":"\u001b[32minfo\u001b[39m","message":"Connected to MongoDB","timestamp":"2023-08-19T21:15:41.350Z"}
{"api":"Node Game Server","label":"Uygulama V1","level":"\u001b[32minfo\u001b[39m","message":"Connected to MongoDB","timestamp":"2023-08-19T21:15:44.931Z"}
{"api":"Node Game Server","label":"Uygulama V1","level":"\u001b[32minfo\u001b[39m","message":"Connected to MongoDB","timestamp":"2023-08-19T21:15:48.451Z"}
{"api":"Node Game Server","label":"Uygulama V1","level":"\u001b[32minfo\u001b[39m","message":"Connected to MongoDB","timestamp":"2023-08-19T21:15:52.085Z"}
{"api":"Node Game Server","label":"Uygulama V1","level":"\u001b[32minfo\u001b[39m","message":"Connected to MongoDB","timestamp":"2023-08-19T21:16:05.785Z"}
{"api":"Node Game Server","label":"Uygulama V1","level":"\u001b[32minfo\u001b[39m","message":"Connected to MongoDB","timestamp":"2023-08-19T21:16:11.026Z"}
{"api":"Node Game Server","label":"Uygulama V1","level":"\u001b[32minfo\u001b[39m","message":"Connected to MongoDB","timestamp":"2023-08-19T21:16:27.303Z"}
{"api":"Node Game Server","label":"Uygulama V1","level":"\u001b[32minfo\u001b[39m","message":"Connected to MongoDB","timestamp":"2023-08-19T21:16:31.905Z"}
{"api":"Node Game Server","label":"Uygulama V1","level":"\u001b[32minfo\u001b[39m","message":"Connected to MongoDB","timestamp":"2023-08-19T21:16:43.542Z"}
{"api":"Node Game Server","label":"Uygulama V1","level":"\u001b[32minfo\u001b[39m","message":"Connected to MongoDB","timestamp":"2023-08-19T21:16:47.577Z"}
{"api":"Node Game Server","label":"Uygulama V1","level":"\u001b[32minfo\u001b[39m","message":"Connected to MongoDB","timestamp":"2023-08-19T21:16:54.948Z"}
{"api":"Node Game Server","label":"Uygulama V1","level":"\u001b[32minfo\u001b[39m","message":"Connected to MongoDB","timestamp":"2023-08-19T21:17:01.316Z"}
{"api":"Node Game Server","label":"Uygulama V1","level":"\u001b[32minfo\u001b[39m","message":"Connected to MongoDB","timestamp":"2023-08-19T21:17:10.096Z"}
{"api":"Node Game Server","label":"Uygulama V1","level":"\u001b[32minfo\u001b[39m","message":"Connected to MongoDB","timestamp":"2023-08-19T21:17:15.009Z"}
{"api":"Node Game Server","label":"Uygulama V1","level":"\u001b[32minfo\u001b[39m","message":"Connected to MongoDB","timestamp":"2023-08-19T21:17:19.230Z"}
{"api":"Node Game Server","label":"Uygulama V1","level":"\u001b[32minfo\u001b[39m","message":"Connected to MongoDB","timestamp":"2023-08-19T21:17:23.802Z"}
{"api":"Node Game Server","label":"Uygulama V1","level":"\u001b[32minfo\u001b[39m","message":"Connected to MongoDB","timestamp":"2023-08-19T21:17:32.552Z"}
{"api":"Node Game Server","label":"Uygulama V1","level":"\u001b[32minfo\u001b[39m","message":"Connected to MongoDB","timestamp":"2023-08-19T21:18:13.076Z"}
{"api":"Node Game Server","label":"Uygulama V1","level":"\u001b[32minfo\u001b[39m","message":"Connected to MongoDB","timestamp":"2023-08-19T21:18:21.977Z"}
{"api":"Node Game Server","label":"Uygulama V1","level":"\u001b[32minfo\u001b[39m","message":"Connected to MongoDB","timestamp":"2023-08-19T21:18:31.138Z"}
{"api":"Node Game Server","label":"Uygulama V1","level":"\u001b[32minfo\u001b[39m","message":"Connected to MongoDB","timestamp":"2023-08-19T21:18:55.092Z"}
{"api":"Node Game Server","label":"Uygulama V1","level":"\u001b[32minfo\u001b[39m","message":"Connected to MongoDB","timestamp":"2023-08-19T21:19:19.211Z"}
{"api":"Node Game Server","label":"Uygulama V1","level":"\u001b[32minfo\u001b[39m","message":"Connected to MongoDB","timestamp":"2023-08-19T21:19:28.337Z"}
{"api":"Node Game Server","label":"Uygulama V1","level":"\u001b[32minfo\u001b[39m","message":"Connected to MongoDB","timestamp":"2023-08-19T21:19:32.291Z"}
{"api":"Node Game Server","label":"Uygulama V1","level":"\u001b[32minfo\u001b[39m","message":"Connected to MongoDB","timestamp":"2023-08-19T21:19:48.201Z"}
{"api":"Node Game Server","label":"Uygulama V1","level":"\u001b[32minfo\u001b[39m","message":"Connected to MongoDB","timestamp":"2023-08-19T21:19:57.866Z"}
{"api":"Node Game Server","label":"Uygulama V1","level":"\u001b[32minfo\u001b[39m","message":"Connected to MongoDB","timestamp":"2023-08-19T21:20:02.016Z"}
{"api":"Node Game Server","label":"Uygulama V1","level":"\u001b[32minfo\u001b[39m","message":"Connected to MongoDB","timestamp":"2023-08-19T21:20:49.762Z"}
{"api":"Node Game Server","label":"Uygulama V1","level":"\u001b[32minfo\u001b[39m","message":"Connected to MongoDB","timestamp":"2023-08-19T21:21:01.100Z"}
{"api":"Node Game Server","label":"Uygulama V1","level":"\u001b[32minfo\u001b[39m","message":"Connected to MongoDB","timestamp":"2023-08-19T21:21:45.469Z"}
{"api":"Node Game Server","label":"Uygulama V1","level":"\u001b[32minfo\u001b[39m","message":"Connected to MongoDB","timestamp":"2023-08-19T21:21:50.579Z"}
{"api":"Node Game Server","label":"Uygulama V1","level":"\u001b[32minfo\u001b[39m","message":"Connected to MongoDB","timestamp":"2023-08-19T21:22:07.976Z"}
{"api":"Node Game Server","label":"Uygulama V1","level":"\u001b[32minfo\u001b[39m","message":"Connected to MongoDB","timestamp":"2023-08-19T21:23:03.531Z"}
{"api":"Node Game Server","label":"Uygulama V1","level":"\u001b[32minfo\u001b[39m","message":"Connected to MongoDB","timestamp":"2023-08-19T21:25:21.712Z"}
{"api":"Node Game Server","label":"Uygulama V1","level":"\u001b[32minfo\u001b[39m","message":"Connected to MongoDB","timestamp":"2023-08-19T21:25:29.813Z"}
{"api":"Node Game Server","label":"Uygulama V1","level":"\u001b[32minfo\u001b[39m","message":"Connected to MongoDB","timestamp":"2023-08-19T21:25:44.308Z"}
{"api":"Node Game Server","label":"Uygulama V1","level":"\u001b[32minfo\u001b[39m","message":"Connected to MongoDB","timestamp":"2023-08-19T21:25:54.089Z"}
{"api":"Node Game Server","label":"Uygulama V1","level":"\u001b[32minfo\u001b[39m","message":"Connected to MongoDB","timestamp":"2023-08-19T21:25:58.015Z"}
{"api":"Node Game Server","label":"Uygulama V1","level":"\u001b[32minfo\u001b[39m","message":"Connected to MongoDB","timestamp":"2023-08-19T21:26:17.742Z"}
{"api":"Node Game Server","label":"Uygulama V1","level":"\u001b[32minfo\u001b[39m","message":"Connected to MongoDB","timestamp":"2023-08-19T21:26:38.136Z"}
{"api":"Node Game Server","label":"Uygulama V1","level":"\u001b[32minfo\u001b[39m","message":"Connected to MongoDB","timestamp":"2023-08-19T21:26:42.719Z"}
{"api":"Node Game Server","label":"Uygulama V1","level":"\u001b[32minfo\u001b[39m","message":"Connected to MongoDB","timestamp":"2023-08-19T21:26:48.831Z"}
{"api":"Node Game Server","label":"Uygulama V1","level":"\u001b[32minfo\u001b[39m","message":"Connected to MongoDB","timestamp":"2023-08-19T21:28:16.557Z"}
{"api":"Node Game Server","label":"Uygulama V1","level":"\u001b[32minfo\u001b[39m","message":"Connected to MongoDB","timestamp":"2023-08-19T21:28:23.779Z"}
{"api":"Node Game Server","label":"Uygulama V1","level":"\u001b[32minfo\u001b[39m","message":"Connected to MongoDB","timestamp":"2023-08-19T21:28:46.096Z"}
{"api":"Node Game Server","label":"Uygulama V1","level":"\u001b[32minfo\u001b[39m","message":"Connected to MongoDB","timestamp":"2023-08-19T21:30:22.431Z"}
{"api":"Node Game Server","label":"Uygulama V1","level":"\u001b[32minfo\u001b[39m","message":"Connected to MongoDB","timestamp":"2023-08-19T21:30:41.154Z"}
{"api":"Node Game Server","label":"Uygulama V1","level":"\u001b[32minfo\u001b[39m","message":"Connected to MongoDB","timestamp":"2023-08-19T21:31:03.980Z"}
{"api":"Node Game Server","label":"Uygulama V1","level":"\u001b[31merror\u001b[39m","message":"Ip Adresi: ::1 - \n    PATH: /updateByUsername/emircanys - \n    BODY: {\"name\":\"Emircan Yasar\",\"email\":\"yasar.emircann@gmail.com\",\"username\":\"emircanny\",\"password\":\"22454035230\"} - \n    PARAMS: {\"userName\":\"emircanys\"} -\n    QUERY: {} - \n    ERROR TIME: 1692480671934 -\n    URL: /updateByUsername/emircanys -\n    ERROR MESSAGE : Error: Bu email halihazırda kullanımda - \n    ERROR CALLSTACK : {} -\n    CUSTOM INFO : undefined\n    ","timestamp":"2023-08-19T21:31:11.934Z"}
{"api":"Node Game Server","label":"Uygulama V1","level":"\u001b[31merror\u001b[39m","message":"Ip Adresi: ::1 - \n    PATH: /updateByUsername/emircanys - \n    BODY: {\"name\":\"Emircan Yasar\",\"password\":\"22454035230\"} - \n    PARAMS: {\"userName\":\"emircanys\"} -\n    QUERY: {} - \n    ERROR TIME: 1692480681771 -\n    URL: /updateByUsername/emircanys -\n    ERROR MESSAGE : CastError: Cast to string failed for value \"{\n  password: '$2b$12$VwlvVcgAG.AWtY/jPP69meqd4p67US5Vs.c1hnTLqAV9ey4IadQlW'\n}\" (type Object) at path \"password\" - \n    ERROR CALLSTACK : {} -\n    CUSTOM INFO : undefined\n    ","timestamp":"2023-08-19T21:31:21.771Z"}
{"api":"Node Game Server","label":"Uygulama V1","level":"\u001b[32minfo\u001b[39m","message":"Connected to MongoDB","timestamp":"2023-08-19T21:32:24.110Z"}
{"api":"Node Game Server","label":"Uygulama V1","level":"\u001b[32minfo\u001b[39m","message":"Connected to MongoDB","timestamp":"2023-08-19T21:32:29.605Z"}
{"api":"Node Game Server","label":"Uygulama V1","level":"\u001b[32minfo\u001b[39m","message":"Connected to MongoDB","timestamp":"2023-08-19T21:32:40.540Z"}
{"api":"Node Game Server","label":"Uygulama V1","level":"\u001b[32minfo\u001b[39m","message":"Connected to MongoDB","timestamp":"2023-08-19T21:32:56.034Z"}
{"api":"Node Game Server","label":"Uygulama V1","level":"\u001b[32minfo\u001b[39m","message":"Connected to MongoDB","timestamp":"2023-08-19T21:34:33.935Z"}
{"api":"Node Game Server","label":"Uygulama V1","level":"\u001b[32minfo\u001b[39m","message":"Connected to MongoDB","timestamp":"2023-08-19T21:34:41.150Z"}
{"api":"Node Game Server","label":"Uygulama V1","level":"\u001b[32minfo\u001b[39m","message":"Connected to MongoDB","timestamp":"2023-08-19T21:35:07.065Z"}
{"api":"Node Game Server","label":"Uygulama V1","level":"\u001b[32minfo\u001b[39m","message":"Connected to MongoDB","timestamp":"2023-08-19T21:38:00.316Z"}
{"api":"Node Game Server","label":"Uygulama V1","level":"\u001b[32minfo\u001b[39m","message":"Connected to MongoDB","timestamp":"2023-08-19T21:38:05.172Z"}
{"api":"Node Game Server","label":"Uygulama V1","level":"\u001b[32minfo\u001b[39m","message":"Connected to MongoDB","timestamp":"2023-08-19T21:39:42.758Z"}
{"api":"Node Game Server","label":"Uygulama V1","level":"\u001b[32minfo\u001b[39m","message":"Connected to MongoDB","timestamp":"2023-08-19T21:39:57.730Z"}
{"api":"Node Game Server","label":"Uygulama V1","level":"\u001b[32minfo\u001b[39m","message":"Connected to MongoDB","timestamp":"2023-08-19T21:40:06.928Z"}
{"api":"Node Game Server","label":"Uygulama V1","level":"\u001b[32minfo\u001b[39m","message":"Connected to MongoDB","timestamp":"2023-08-19T21:40:11.793Z"}
{"api":"Node Game Server","label":"Uygulama V1","level":"\u001b[32minfo\u001b[39m","message":"Connected to MongoDB","timestamp":"2023-08-19T21:40:26.584Z"}
{"api":"Node Game Server","label":"Uygulama V1","level":"\u001b[32minfo\u001b[39m","message":"Connected to MongoDB","timestamp":"2023-08-19T21:40:34.249Z"}
{"api":"Node Game Server","label":"Uygulama V1","level":"\u001b[32minfo\u001b[39m","message":"Connected to MongoDB","timestamp":"2023-08-19T21:40:49.990Z"}
{"api":"Node Game Server","label":"Uygulama V1","level":"\u001b[31merror\u001b[39m","message":"Ip Adresi: ::1 - \n    PATH: /updateByUsername/emircannyzx - \n    BODY: {\"name\":\"Emircan Yasar\",\"password\":\"22454035230\"} - \n    PARAMS: {\"userName\":\"emircannyzx\"} -\n    QUERY: {} - \n    ERROR TIME: 1692481251379 -\n    URL: /updateByUsername/emircannyzx -\n    ERROR MESSAGE : Error: Böyle bir kullanıcı mevcut değil - \n    ERROR CALLSTACK : {} -\n    CUSTOM INFO : undefined\n    ","timestamp":"2023-08-19T21:40:51.379Z"}
{"api":"Node Game Server","label":"Uygulama V1","level":"\u001b[32minfo\u001b[39m","message":"Connected to MongoDB","timestamp":"2023-08-19T21:41:12.407Z"}
{"api":"Node Game Server","label":"Uygulama V1","level":"\u001b[31merror\u001b[39m","message":"Ip Adresi: ::1 - \n    PATH: /updateByUsername/emircanny - \n    BODY: {\"steamLink\":\"https://steamcommunity.com/profiles/76561198315173946/\"} - \n    PARAMS: {\"userName\":\"emircanny\"} -\n    QUERY: {} - \n    ERROR TIME: 1692481356766 -\n    URL: /updateByUsername/emircanny -\n    ERROR MESSAGE : Error: data and salt arguments required - \n    ERROR CALLSTACK : {} -\n    CUSTOM INFO : undefined\n    ","timestamp":"2023-08-19T21:42:36.766Z"}
{"api":"Node Game Server","label":"Uygulama V1","level":"\u001b[32minfo\u001b[39m","message":"Connected to MongoDB","timestamp":"2023-08-19T21:43:17.999Z"}
{"api":"Node Game Server","label":"Uygulama V1","level":"\u001b[31merror\u001b[39m","message":"Ip Adresi: ::1 - \n    PATH: /updateByUsername/emircanny - \n    BODY: {\"steamLink\":\"https://steamcommunity.com/profiles/76561198315173946/\"} - \n    PARAMS: {\"userName\":\"emircanny\"} -\n    QUERY: {} - \n    ERROR TIME: 1692481424904 -\n    URL: /updateByUsername/emircanny -\n    ERROR MESSAGE : Error: data and salt arguments required - \n    ERROR CALLSTACK : {} -\n    CUSTOM INFO : undefined\n    ","timestamp":"2023-08-19T21:43:44.905Z"}
{"api":"Node Game Server","label":"Uygulama V1","level":"\u001b[31merror\u001b[39m","message":"Ip Adresi: ::1 - \n    PATH: /updateByUsername/emircanny - \n    BODY: {\"steamLink\":\"https://steamcommunity.com/profiles/76561198315173946/\",\"name\":\"Emircan\"} - \n    PARAMS: {\"userName\":\"emircanny\"} -\n    QUERY: {} - \n    ERROR TIME: 1692481455759 -\n    URL: /updateByUsername/emircanny -\n    ERROR MESSAGE : Error: data and salt arguments required - \n    ERROR CALLSTACK : {} -\n    CUSTOM INFO : undefined\n    ","timestamp":"2023-08-19T21:44:15.759Z"}
{"api":"Node Game Server","label":"Uygulama V1","level":"\u001b[31merror\u001b[39m","message":"Ip Adresi: ::1 - \n    PATH: /updateByUsername/emircanny - \n    BODY: {\"name\":\"Emircan\"} - \n    PARAMS: {\"userName\":\"emircanny\"} -\n    QUERY: {} - \n    ERROR TIME: 1692481487767 -\n    URL: /updateByUsername/emircanny -\n    ERROR MESSAGE : Error: data and salt arguments required - \n    ERROR CALLSTACK : {} -\n    CUSTOM INFO : undefined\n    ","timestamp":"2023-08-19T21:44:47.767Z"}
{"api":"Node Game Server","label":"Uygulama V1","level":"\u001b[31merror\u001b[39m","message":"Ip Adresi: ::1 - \n    PATH: /updateByUsername/emircanny - \n    BODY: {\"name\":\"Emircan Yasar\"} - \n    PARAMS: {\"userName\":\"emircanny\"} -\n    QUERY: {} - \n    ERROR TIME: 1692481512382 -\n    URL: /updateByUsername/emircanny -\n    ERROR MESSAGE : Error: data and salt arguments required - \n    ERROR CALLSTACK : {} -\n    CUSTOM INFO : undefined\n    ","timestamp":"2023-08-19T21:45:12.383Z"}
{"api":"Node Game Server","label":"Uygulama V1","level":"\u001b[32minfo\u001b[39m","message":"Connected to MongoDB","timestamp":"2023-08-19T21:46:44.168Z"}
