{"api":"Node Game Server","label":"Uygulama V1","level":"\u001b[32minfo\u001b[39m","message":"Connected to MongoDB","timestamp":"2023-08-20T21:01:19.645Z"}
{"api":"Node Game Server","label":"Uygulama V1","level":"\u001b[32minfo\u001b[39m","message":"Connected to MongoDB","timestamp":"2023-08-20T21:01:27.120Z"}
{"api":"Node Game Server","label":"Uygulama V1","level":"\u001b[31merror\u001b[39m","message":"Ip Adresi: ::1 - \n    PATH: /create - \n    BODY: {} - \n    PARAMS: {} -\n    QUERY: {} - \n    ERROR TIME: 1692565288221 -\n    URL: /create -\n    ERROR MESSAGE : MulterError: Unexpected field - \n    ERROR CALLSTACK : {} -\n    CUSTOM INFO : undefined\n    ","timestamp":"2023-08-20T21:01:28.221Z"}
{"api":"Node Game Server","label":"Uygulama V1","level":"\u001b[32minfo\u001b[39m","message":"Connected to MongoDB","timestamp":"2023-08-20T21:01:59.608Z"}
{"api":"Node Game Server","label":"Uygulama V1","level":"\u001b[32minfo\u001b[39m","message":"Connected to MongoDB","timestamp":"2023-08-20T21:02:14.756Z"}
{"api":"Node Game Server","label":"Uygulama V1","level":"\u001b[32minfo\u001b[39m","message":"Connected to MongoDB","timestamp":"2023-08-20T21:02:18.692Z"}
{"api":"Node Game Server","label":"Uygulama V1","level":"\u001b[32minfo\u001b[39m","message":"Connected to MongoDB","timestamp":"2023-08-20T21:03:17.156Z"}
{"api":"Node Game Server","label":"Uygulama V1","level":"\u001b[32minfo\u001b[39m","message":"Connected to MongoDB","timestamp":"2023-08-20T21:03:26.676Z"}
{"api":"Node Game Server","label":"Uygulama V1","level":"\u001b[32minfo\u001b[39m","message":"Connected to MongoDB","timestamp":"2023-08-20T21:03:33.651Z"}
{"api":"Node Game Server","label":"Uygulama V1","level":"\u001b[32minfo\u001b[39m","message":"Connected to MongoDB","timestamp":"2023-08-20T21:03:56.452Z"}
{"api":"Node Game Server","label":"Uygulama V1","level":"\u001b[32minfo\u001b[39m","message":"Connected to MongoDB","timestamp":"2023-08-20T21:04:16.051Z"}
{"api":"Node Game Server","label":"Uygulama V1","level":"\u001b[32minfo\u001b[39m","message":"Connected to MongoDB","timestamp":"2023-08-20T21:04:45.752Z"}
{"api":"Node Game Server","label":"Uygulama V1","level":"\u001b[31merror\u001b[39m","message":"Ip Adresi: ::1 - \n    PATH: /create - \n    BODY: {} - \n    PARAMS: {} -\n    QUERY: {} - \n    ERROR TIME: 1692565488491 -\n    URL: /create -\n    ERROR MESSAGE : Error: Unexpected end of form - \n    ERROR CALLSTACK : {} -\n    CUSTOM INFO : undefined\n    ","timestamp":"2023-08-20T21:04:48.491Z"}
{"api":"Node Game Server","label":"Uygulama V1","level":"\u001b[32minfo\u001b[39m","message":"Connected to MongoDB","timestamp":"2023-08-20T21:06:33.646Z"}
{"api":"Node Game Server","label":"Uygulama V1","level":"\u001b[31merror\u001b[39m","message":"Ip Adresi: ::1 - \n    PATH: /create - \n    BODY: {} - \n    PARAMS: {} -\n    QUERY: {} - \n    ERROR TIME: 1692565595469 -\n    URL: /create -\n    ERROR MESSAGE : Error: Desteklenmeyen Dosya Biçimi - \n    ERROR CALLSTACK : {} -\n    CUSTOM INFO : undefined\n    ","timestamp":"2023-08-20T21:06:35.469Z"}
{"api":"Node Game Server","label":"Uygulama V1","level":"\u001b[32minfo\u001b[39m","message":"Connected to MongoDB","timestamp":"2023-08-20T21:07:57.523Z"}
{"api":"Node Game Server","label":"Uygulama V1","level":"\u001b[31merror\u001b[39m","message":"Ip Adresi: ::1 - \n    PATH: /create - \n    BODY: {} - \n    PARAMS: {} -\n    QUERY: {} - \n    ERROR TIME: 1692565695583 -\n    URL: /create -\n    ERROR MESSAGE : Error: Unexpected end of form - \n    ERROR CALLSTACK : {} -\n    CUSTOM INFO : undefined\n    ","timestamp":"2023-08-20T21:08:15.584Z"}
{"api":"Node Game Server","label":"Uygulama V1","level":"\u001b[32minfo\u001b[39m","message":"Connected to MongoDB","timestamp":"2023-08-20T21:13:36.452Z"}
{"api":"Node Game Server","label":"Uygulama V1","level":"\u001b[32minfo\u001b[39m","message":"Connected to MongoDB","timestamp":"2023-08-20T21:13:47.142Z"}
{"api":"Node Game Server","label":"Uygulama V1","level":"\u001b[32minfo\u001b[39m","message":"Connected to MongoDB","timestamp":"2023-08-20T21:13:58.374Z"}
{"api":"Node Game Server","label":"Uygulama V1","level":"\u001b[32minfo\u001b[39m","message":"Connected to MongoDB","timestamp":"2023-08-20T21:14:06.459Z"}
{"api":"Node Game Server","label":"Uygulama V1","level":"\u001b[32minfo\u001b[39m","message":"Connected to MongoDB","timestamp":"2023-08-20T21:14:21.574Z"}
{"api":"Node Game Server","label":"Uygulama V1","level":"\u001b[31merror\u001b[39m","message":"Ip Adresi: ::1 - \n    PATH: /create - \n    BODY: {} - \n    PARAMS: {} -\n    QUERY: {} - \n    ERROR TIME: 1692566068615 -\n    URL: /create -\n    ERROR MESSAGE : Error: Unexpected end of form - \n    ERROR CALLSTACK : {} -\n    CUSTOM INFO : undefined\n    ","timestamp":"2023-08-20T21:14:28.615Z"}
{"api":"Node Game Server","label":"Uygulama V1","level":"\u001b[32minfo\u001b[39m","message":"Connected to MongoDB","timestamp":"2023-08-20T21:14:41.982Z"}
{"api":"Node Game Server","label":"Uygulama V1","level":"\u001b[31merror\u001b[39m","message":"Ip Adresi: ::1 - \n    PATH: /create - \n    BODY: {} - \n    PARAMS: {} -\n    QUERY: {} - \n    ERROR TIME: 1692566083787 -\n    URL: /create -\n    ERROR MESSAGE : Error: Unexpected end of form - \n    ERROR CALLSTACK : {} -\n    CUSTOM INFO : undefined\n    ","timestamp":"2023-08-20T21:14:43.788Z"}
{"api":"Node Game Server","label":"Uygulama V1","level":"\u001b[32minfo\u001b[39m","message":"Connected to MongoDB","timestamp":"2023-08-20T21:15:19.980Z"}
{"api":"Node Game Server","label":"Uygulama V1","level":"\u001b[32minfo\u001b[39m","message":"Connected to MongoDB","timestamp":"2023-08-20T21:15:24.839Z"}
{"api":"Node Game Server","label":"Uygulama V1","level":"\u001b[31merror\u001b[39m","message":"Ip Adresi: ::1 - \n    PATH: /create - \n    BODY: {} - \n    PARAMS: {} -\n    QUERY: {} - \n    ERROR TIME: 1692566128682 -\n    URL: /create -\n    ERROR MESSAGE : Error: Unexpected end of form - \n    ERROR CALLSTACK : {} -\n    CUSTOM INFO : undefined\n    ","timestamp":"2023-08-20T21:15:28.682Z"}
{"api":"Node Game Server","label":"Uygulama V1","level":"\u001b[32minfo\u001b[39m","message":"Connected to MongoDB","timestamp":"2023-08-20T21:22:05.758Z"}
{"api":"Node Game Server","label":"Uygulama V1","level":"\u001b[31merror\u001b[39m","message":"Ip Adresi: ::1 - \n    PATH: /create - \n    BODY: {} - \n    PARAMS: {} -\n    QUERY: {} - \n    ERROR TIME: 1692566540320 -\n    URL: /create -\n    ERROR MESSAGE : Error: Unexpected end of form - \n    ERROR CALLSTACK : {} -\n    CUSTOM INFO : undefined\n    ","timestamp":"2023-08-20T21:22:20.320Z"}
{"api":"Node Game Server","label":"Uygulama V1","level":"\u001b[32minfo\u001b[39m","message":"Connected to MongoDB","timestamp":"2023-08-20T21:22:54.854Z"}
{"api":"Node Game Server","label":"Uygulama V1","level":"\u001b[32minfo\u001b[39m","message":"Connected to MongoDB","timestamp":"2023-08-20T21:22:59.198Z"}
{"api":"Node Game Server","label":"Uygulama V1","level":"\u001b[32minfo\u001b[39m","message":"Connected to MongoDB","timestamp":"2023-08-20T21:23:16.305Z"}
{"api":"Node Game Server","label":"Uygulama V1","level":"\u001b[32minfo\u001b[39m","message":"Connected to MongoDB","timestamp":"2023-08-20T21:23:27.661Z"}
{"api":"Node Game Server","label":"Uygulama V1","level":"\u001b[31merror\u001b[39m","message":"Ip Adresi: ::1 - \n    PATH: /create - \n    BODY: {\"name\":\"Emircan Yaşar\"} - \n    PARAMS: {} -\n    QUERY: {} - \n    ERROR TIME: 1692566610619 -\n    URL: /create -\n    ERROR MESSAGE : TypeError: Cannot read properties of undefined (reading 'toLowerCase') - \n    ERROR CALLSTACK : {} -\n    CUSTOM INFO : undefined\n    ","timestamp":"2023-08-20T21:23:30.620Z"}
{"api":"Node Game Server","label":"Uygulama V1","level":"\u001b[32minfo\u001b[39m","message":"Connected to MongoDB","timestamp":"2023-08-20T21:24:09.664Z"}
{"api":"Node Game Server","label":"Uygulama V1","level":"\u001b[32minfo\u001b[39m","message":"Connected to MongoDB","timestamp":"2023-08-20T21:24:14.948Z"}
{"api":"Node Game Server","label":"Uygulama V1","level":"\u001b[32minfo\u001b[39m","message":"Connected to MongoDB","timestamp":"2023-08-20T21:24:22.350Z"}
{"api":"Node Game Server","label":"Uygulama V1","level":"\u001b[32minfo\u001b[39m","message":"Connected to MongoDB","timestamp":"2023-08-20T21:24:32.256Z"}
{"api":"Node Game Server","label":"Uygulama V1","level":"\u001b[32minfo\u001b[39m","message":"Connected to MongoDB","timestamp":"2023-08-20T21:25:14.724Z"}
{"api":"Node Game Server","label":"Uygulama V1","level":"\u001b[32minfo\u001b[39m","message":"Connected to MongoDB","timestamp":"2023-08-20T21:26:20.742Z"}
{"api":"Node Game Server","label":"Uygulama V1","level":"\u001b[31merror\u001b[39m","message":"Ip Adresi: ::1 - \n    PATH: /create - \n    BODY: {\"name\":\"Emircan Yaşar\"} - \n    PARAMS: {} -\n    QUERY: {} - \n    ERROR TIME: 1692566783449 -\n    URL: /create -\n    ERROR MESSAGE : TypeError: Cannot read properties of undefined (reading 'toLowerCase') - \n    ERROR CALLSTACK : {} -\n    CUSTOM INFO : undefined\n    ","timestamp":"2023-08-20T21:26:23.449Z"}
{"api":"Node Game Server","label":"Uygulama V1","level":"\u001b[32minfo\u001b[39m","message":"Connected to MongoDB","timestamp":"2023-08-20T21:27:15.266Z"}
{"api":"Node Game Server","label":"Uygulama V1","level":"\u001b[32minfo\u001b[39m","message":"Connected to MongoDB","timestamp":"2023-08-20T21:27:21.325Z"}
{"api":"Node Game Server","label":"Uygulama V1","level":"\u001b[32minfo\u001b[39m","message":"Connected to MongoDB","timestamp":"2023-08-20T21:27:25.755Z"}
{"api":"Node Game Server","label":"Uygulama V1","level":"\u001b[31merror\u001b[39m","message":"Ip Adresi: ::1 - \n    PATH: /create - \n    BODY: {\"name\":\"Emircan Yaşar\"} - \n    PARAMS: {} -\n    QUERY: {} - \n    ERROR TIME: 1692566848295 -\n    URL: /create -\n    ERROR MESSAGE : TypeError: Cannot read properties of undefined (reading 'toLowerCase') - \n    ERROR CALLSTACK : {} -\n    CUSTOM INFO : undefined\n    ","timestamp":"2023-08-20T21:27:28.295Z"}
{"api":"Node Game Server","label":"Uygulama V1","level":"\u001b[32minfo\u001b[39m","message":"Connected to MongoDB","timestamp":"2023-08-20T21:27:51.783Z"}
{"api":"Node Game Server","label":"Uygulama V1","level":"\u001b[32minfo\u001b[39m","message":"Connected to MongoDB","timestamp":"2023-08-20T21:27:55.879Z"}
{"api":"Node Game Server","label":"Uygulama V1","level":"\u001b[31merror\u001b[39m","message":"Ip Adresi: ::1 - \n    PATH: /create - \n    BODY: {\"name\":\"Emircan Yaşar\"} - \n    PARAMS: {} -\n    QUERY: {} - \n    ERROR TIME: 1692566886197 -\n    URL: /create -\n    ERROR MESSAGE : TypeError: Cannot read properties of undefined (reading 'toLowerCase') - \n    ERROR CALLSTACK : {} -\n    CUSTOM INFO : undefined\n    ","timestamp":"2023-08-20T21:28:06.197Z"}
{"api":"Node Game Server","label":"Uygulama V1","level":"\u001b[32minfo\u001b[39m","message":"Connected to MongoDB","timestamp":"2023-08-20T21:28:53.707Z"}
{"api":"Node Game Server","label":"Uygulama V1","level":"\u001b[32minfo\u001b[39m","message":"Connected to MongoDB","timestamp":"2023-08-20T21:29:17.610Z"}
{"api":"Node Game Server","label":"Uygulama V1","level":"\u001b[31merror\u001b[39m","message":"Ip Adresi: ::1 - \n    PATH: /create - \n    BODY: {\"name\":\"Emircan Yaşar\"} - \n    PARAMS: {} -\n    QUERY: {} - \n    ERROR TIME: 1692566960201 -\n    URL: /create -\n    ERROR MESSAGE : TypeError: Cannot read properties of undefined (reading 'toLowerCase') - \n    ERROR CALLSTACK : {} -\n    CUSTOM INFO : undefined\n    ","timestamp":"2023-08-20T21:29:20.201Z"}
{"api":"Node Game Server","label":"Uygulama V1","level":"\u001b[32minfo\u001b[39m","message":"Connected to MongoDB","timestamp":"2023-08-20T21:30:15.237Z"}
{"api":"Node Game Server","label":"Uygulama V1","level":"\u001b[31merror\u001b[39m","message":"Ip Adresi: ::1 - \n    PATH: /create - \n    BODY: {\"name\":\"Emircan Yaşar\"} - \n    PARAMS: {} -\n    QUERY: {} - \n    ERROR TIME: 1692567031428 -\n    URL: /create -\n    ERROR MESSAGE : TypeError: Cannot read properties of undefined (reading 'toLowerCase') - \n    ERROR CALLSTACK : {} -\n    CUSTOM INFO : undefined\n    ","timestamp":"2023-08-20T21:30:31.429Z"}
{"api":"Node Game Server","label":"Uygulama V1","level":"\u001b[32minfo\u001b[39m","message":"Connected to MongoDB","timestamp":"2023-08-20T21:31:06.029Z"}
{"api":"Node Game Server","label":"Uygulama V1","level":"\u001b[31merror\u001b[39m","message":"Ip Adresi: ::1 - \n    PATH: /create - \n    BODY: {} - \n    PARAMS: {} -\n    QUERY: {} - \n    ERROR TIME: 1692567069364 -\n    URL: /create -\n    ERROR MESSAGE : TypeError: Cannot read properties of undefined (reading 'toLowerCase') - \n    ERROR CALLSTACK : {} -\n    CUSTOM INFO : undefined\n    ","timestamp":"2023-08-20T21:31:09.364Z"}
{"api":"Node Game Server","label":"Uygulama V1","level":"\u001b[32minfo\u001b[39m","message":"Connected to MongoDB","timestamp":"2023-08-20T21:31:31.148Z"}
{"api":"Node Game Server","label":"Uygulama V1","level":"\u001b[32minfo\u001b[39m","message":"Connected to MongoDB","timestamp":"2023-08-20T21:31:37.663Z"}
{"api":"Node Game Server","label":"Uygulama V1","level":"\u001b[31merror\u001b[39m","message":"Ip Adresi: ::1 - \n    PATH: /create - \n    BODY: {} - \n    PARAMS: {} -\n    QUERY: {} - \n    ERROR TIME: 1692567100230 -\n    URL: /create -\n    ERROR MESSAGE : TypeError: Cannot read properties of undefined (reading 'toLowerCase') - \n    ERROR CALLSTACK : {} -\n    CUSTOM INFO : undefined\n    ","timestamp":"2023-08-20T21:31:40.230Z"}
{"api":"Node Game Server","label":"Uygulama V1","level":"\u001b[32minfo\u001b[39m","message":"Connected to MongoDB","timestamp":"2023-08-20T21:31:49.280Z"}
{"api":"Node Game Server","label":"Uygulama V1","level":"\u001b[31merror\u001b[39m","message":"Ip Adresi: ::1 - \n    PATH: /create - \n    BODY: {} - \n    PARAMS: {} -\n    QUERY: {} - \n    ERROR TIME: 1692567111325 -\n    URL: /create -\n    ERROR MESSAGE : TypeError: Cannot read properties of undefined (reading 'toLowerCase') - \n    ERROR CALLSTACK : {} -\n    CUSTOM INFO : undefined\n    ","timestamp":"2023-08-20T21:31:51.325Z"}
{"api":"Node Game Server","label":"Uygulama V1","level":"\u001b[32minfo\u001b[39m","message":"Connected to MongoDB","timestamp":"2023-08-20T21:33:30.263Z"}
{"api":"Node Game Server","label":"Uygulama V1","level":"\u001b[32minfo\u001b[39m","message":"Connected to MongoDB","timestamp":"2023-08-20T21:33:38.893Z"}
{"api":"Node Game Server","label":"Uygulama V1","level":"\u001b[32minfo\u001b[39m","message":"Connected to MongoDB","timestamp":"2023-08-20T21:33:46.689Z"}
{"api":"Node Game Server","label":"Uygulama V1","level":"\u001b[32minfo\u001b[39m","message":"Connected to MongoDB","timestamp":"2023-08-20T21:33:53.985Z"}
{"api":"Node Game Server","label":"Uygulama V1","level":"\u001b[32minfo\u001b[39m","message":"Connected to MongoDB","timestamp":"2023-08-20T21:34:03.173Z"}
{"api":"Node Game Server","label":"Uygulama V1","level":"\u001b[31merror\u001b[39m","message":"Ip Adresi: ::1 - \n    PATH: /create - \n    BODY: {} - \n    PARAMS: {} -\n    QUERY: {} - \n    ERROR TIME: 1692567247086 -\n    URL: /create -\n    ERROR MESSAGE : TypeError: Cannot read properties of undefined (reading 'toLowerCase') - \n    ERROR CALLSTACK : {} -\n    CUSTOM INFO : undefined\n    ","timestamp":"2023-08-20T21:34:07.086Z"}
{"api":"Node Game Server","label":"Uygulama V1","level":"\u001b[32minfo\u001b[39m","message":"Connected to MongoDB","timestamp":"2023-08-20T21:34:41.855Z"}
{"api":"Node Game Server","label":"Uygulama V1","level":"\u001b[32minfo\u001b[39m","message":"Connected to MongoDB","timestamp":"2023-08-20T21:35:08.153Z"}
{"api":"Node Game Server","label":"Uygulama V1","level":"\u001b[32minfo\u001b[39m","message":"Connected to MongoDB","timestamp":"2023-08-20T21:36:06.434Z"}
{"api":"Node Game Server","label":"Uygulama V1","level":"\u001b[32minfo\u001b[39m","message":"Connected to MongoDB","timestamp":"2023-08-20T21:37:12.224Z"}
{"api":"Node Game Server","label":"Uygulama V1","level":"\u001b[32minfo\u001b[39m","message":"Connected to MongoDB","timestamp":"2023-08-20T21:38:22.164Z"}
{"api":"Node Game Server","label":"Uygulama V1","level":"\u001b[32minfo\u001b[39m","message":"Connected to MongoDB","timestamp":"2023-08-20T21:38:27.200Z"}
{"api":"Node Game Server","label":"Uygulama V1","level":"\u001b[32minfo\u001b[39m","message":"Connected to MongoDB","timestamp":"2023-08-20T21:40:59.443Z"}
{"api":"Node Game Server","label":"Uygulama V1","level":"\u001b[32minfo\u001b[39m","message":"Connected to MongoDB","timestamp":"2023-08-20T21:41:30.160Z"}
{"api":"Node Game Server","label":"Uygulama V1","level":"\u001b[32minfo\u001b[39m","message":"Connected to MongoDB","timestamp":"2023-08-20T21:41:43.213Z"}
{"api":"Node Game Server","label":"Uygulama V1","level":"\u001b[32minfo\u001b[39m","message":"Connected to MongoDB","timestamp":"2023-08-20T21:44:17.741Z"}
{"api":"Node Game Server","label":"Uygulama V1","level":"\u001b[32minfo\u001b[39m","message":"Connected to MongoDB","timestamp":"2023-08-20T21:44:26.271Z"}
{"api":"Node Game Server","label":"Uygulama V1","level":"\u001b[32minfo\u001b[39m","message":"Connected to MongoDB","timestamp":"2023-08-20T21:48:27.981Z"}
{"api":"Node Game Server","label":"Uygulama V1","level":"\u001b[32minfo\u001b[39m","message":"Connected to MongoDB","timestamp":"2023-08-20T21:49:33.794Z"}
{"api":"Node Game Server","label":"Uygulama V1","level":"\u001b[32minfo\u001b[39m","message":"Connected to MongoDB","timestamp":"2023-08-20T21:50:36.543Z"}
{"api":"Node Game Server","label":"Uygulama V1","level":"\u001b[32minfo\u001b[39m","message":"Connected to MongoDB","timestamp":"2023-08-20T21:52:43.509Z"}
{"api":"Node Game Server","label":"Uygulama V1","level":"\u001b[32minfo\u001b[39m","message":"Connected to MongoDB","timestamp":"2023-08-20T21:52:49.203Z"}
{"api":"Node Game Server","label":"Uygulama V1","level":"\u001b[32minfo\u001b[39m","message":"Connected to MongoDB","timestamp":"2023-08-20T21:58:00.038Z"}
{"api":"Node Game Server","label":"Uygulama V1","level":"\u001b[32minfo\u001b[39m","message":"Connected to MongoDB","timestamp":"2023-08-20T22:09:34.951Z"}
{"api":"Node Game Server","label":"Uygulama V1","level":"\u001b[32minfo\u001b[39m","message":"Connected to MongoDB","timestamp":"2023-08-20T22:09:43.182Z"}
{"api":"Node Game Server","label":"Uygulama V1","level":"\u001b[32minfo\u001b[39m","message":"Connected to MongoDB","timestamp":"2023-08-20T22:10:04.804Z"}
{"api":"Node Game Server","label":"Uygulama V1","level":"\u001b[32minfo\u001b[39m","message":"Connected to MongoDB","timestamp":"2023-08-20T22:10:15.260Z"}
{"api":"Node Game Server","label":"Uygulama V1","level":"\u001b[32minfo\u001b[39m","message":"Connected to MongoDB","timestamp":"2023-08-20T22:10:28.235Z"}
{"api":"Node Game Server","label":"Uygulama V1","level":"\u001b[32minfo\u001b[39m","message":"Connected to MongoDB","timestamp":"2023-08-20T22:10:49.905Z"}
{"api":"Node Game Server","label":"Uygulama V1","level":"\u001b[32minfo\u001b[39m","message":"Connected to MongoDB","timestamp":"2023-08-20T22:11:05.606Z"}
{"api":"Node Game Server","label":"Uygulama V1","level":"\u001b[32minfo\u001b[39m","message":"Connected to MongoDB","timestamp":"2023-08-20T22:11:17.185Z"}
{"api":"Node Game Server","label":"Uygulama V1","level":"\u001b[32minfo\u001b[39m","message":"Connected to MongoDB","timestamp":"2023-08-20T22:11:23.634Z"}
{"api":"Node Game Server","label":"Uygulama V1","level":"\u001b[32minfo\u001b[39m","message":"Connected to MongoDB","timestamp":"2023-08-20T22:11:43.599Z"}
{"api":"Node Game Server","label":"Uygulama V1","level":"\u001b[32minfo\u001b[39m","message":"Connected to MongoDB","timestamp":"2023-08-20T22:13:10.656Z"}
{"api":"Node Game Server","label":"Uygulama V1","level":"\u001b[32minfo\u001b[39m","message":"Connected to MongoDB","timestamp":"2023-08-20T22:14:48.084Z"}
{"api":"Node Game Server","label":"Uygulama V1","level":"\u001b[32minfo\u001b[39m","message":"Connected to MongoDB","timestamp":"2023-08-20T22:15:17.830Z"}
{"api":"Node Game Server","label":"Uygulama V1","level":"\u001b[32minfo\u001b[39m","message":"Connected to MongoDB","timestamp":"2023-08-20T22:15:48.706Z"}
{"api":"Node Game Server","label":"Uygulama V1","level":"\u001b[31merror\u001b[39m","message":"Ip Adresi: ::1 - \n    PATH: /create - \n    BODY: {} - \n    PARAMS: {} -\n    QUERY: {} - \n    ERROR TIME: 1692570102177 -\n    URL: /create -\n    ERROR MESSAGE : TypeError: Cannot read properties of undefined (reading 'toLowerCase') - \n    ERROR CALLSTACK : {} -\n    CUSTOM INFO : undefined\n    ","timestamp":"2023-08-20T22:21:42.177Z"}
{"api":"Node Game Server","label":"Uygulama V1","level":"\u001b[32minfo\u001b[39m","message":"Connected to MongoDB","timestamp":"2023-08-20T22:22:23.038Z"}
{"api":"Node Game Server","label":"Uygulama V1","level":"\u001b[32minfo\u001b[39m","message":"Connected to MongoDB","timestamp":"2023-08-20T22:22:35.240Z"}
{"api":"Node Game Server","label":"Uygulama V1","level":"\u001b[32minfo\u001b[39m","message":"Connected to MongoDB","timestamp":"2023-08-20T22:22:59.012Z"}
{"api":"Node Game Server","label":"Uygulama V1","level":"\u001b[32minfo\u001b[39m","message":"Connected to MongoDB","timestamp":"2023-08-20T22:23:30.995Z"}
{"api":"Node Game Server","label":"Uygulama V1","level":"\u001b[32minfo\u001b[39m","message":"Connected to MongoDB","timestamp":"2023-08-20T22:23:47.251Z"}
{"api":"Node Game Server","label":"Uygulama V1","level":"\u001b[32minfo\u001b[39m","message":"Connected to MongoDB","timestamp":"2023-08-20T22:24:03.292Z"}
{"api":"Node Game Server","label":"Uygulama V1","level":"\u001b[32minfo\u001b[39m","message":"Connected to MongoDB","timestamp":"2023-08-20T22:24:43.383Z"}
{"api":"Node Game Server","label":"Uygulama V1","level":"\u001b[32minfo\u001b[39m","message":"Connected to MongoDB","timestamp":"2023-08-20T22:24:52.383Z"}
{"api":"Node Game Server","label":"Uygulama V1","level":"\u001b[32minfo\u001b[39m","message":"Connected to MongoDB","timestamp":"2023-08-20T22:25:01.500Z"}
{"api":"Node Game Server","label":"Uygulama V1","level":"\u001b[32minfo\u001b[39m","message":"Connected to MongoDB","timestamp":"2023-08-20T22:25:20.972Z"}
{"api":"Node Game Server","label":"Uygulama V1","level":"\u001b[32minfo\u001b[39m","message":"Connected to MongoDB","timestamp":"2023-08-20T22:25:28.324Z"}
{"api":"Node Game Server","label":"Uygulama V1","level":"\u001b[31merror\u001b[39m","message":"Ip Adresi: ::1 - \n    PATH: /create - \n    BODY: {\"name\":\"Emircan Yaşar\"} - \n    PARAMS: {} -\n    QUERY: {} - \n    ERROR TIME: 1692570329797 -\n    URL: /create -\n    ERROR MESSAGE : ReferenceError: User is not defined - \n    ERROR CALLSTACK : {} -\n    CUSTOM INFO : undefined\n    ","timestamp":"2023-08-20T22:25:29.797Z"}
{"api":"Node Game Server","label":"Uygulama V1","level":"\u001b[32minfo\u001b[39m","message":"Connected to MongoDB","timestamp":"2023-08-20T22:25:47.815Z"}
{"api":"Node Game Server","label":"Uygulama V1","level":"\u001b[32minfo\u001b[39m","message":"Connected to MongoDB","timestamp":"2023-08-20T22:25:51.948Z"}
{"api":"Node Game Server","label":"Uygulama V1","level":"\u001b[32minfo\u001b[39m","message":"Connected to MongoDB","timestamp":"2023-08-20T22:25:55.789Z"}
{"api":"Node Game Server","label":"Uygulama V1","level":"\u001b[32minfo\u001b[39m","message":"Connected to MongoDB","timestamp":"2023-08-20T22:26:29.039Z"}
{"api":"Node Game Server","label":"Uygulama V1","level":"\u001b[31merror\u001b[39m","message":"Ip Adresi: ::1 - \n    PATH: /create - \n    BODY: {\"name\":\"Emircan Yaşar\"} - \n    PARAMS: {} -\n    QUERY: {} - \n    ERROR TIME: 1692570408268 -\n    URL: /create -\n    ERROR MESSAGE : Error: Bu isim halihazırda kullanımda - \n    ERROR CALLSTACK : {} -\n    CUSTOM INFO : undefined\n    ","timestamp":"2023-08-20T22:26:48.268Z"}
{"api":"Node Game Server","label":"Uygulama V1","level":"\u001b[32minfo\u001b[39m","message":"Connected to MongoDB","timestamp":"2023-08-20T22:28:46.717Z"}
{"api":"Node Game Server","label":"Uygulama V1","level":"\u001b[31merror\u001b[39m","message":"Ip Adresi: ::1 - \n    PATH: /create - \n    BODY: {\"name\":\"Emircan Yaşar 2\"} - \n    PARAMS: {} -\n    QUERY: {} - \n    ERROR TIME: 1692570534492 -\n    URL: /create -\n    ERROR MESSAGE : TypeError: utils.helpers.convertToSEOText is not a function - \n    ERROR CALLSTACK : {} -\n    CUSTOM INFO : undefined\n    ","timestamp":"2023-08-20T22:28:54.492Z"}
{"api":"Node Game Server","label":"Uygulama V1","level":"\u001b[32minfo\u001b[39m","message":"Connected to MongoDB","timestamp":"2023-08-20T22:29:12.847Z"}
{"api":"Node Game Server","label":"Uygulama V1","level":"\u001b[32minfo\u001b[39m","message":"Connected to MongoDB","timestamp":"2023-08-20T22:29:18.465Z"}
{"api":"Node Game Server","label":"Uygulama V1","level":"\u001b[32minfo\u001b[39m","message":"Connected to MongoDB","timestamp":"2023-08-20T22:29:32.154Z"}
{"api":"Node Game Server","label":"Uygulama V1","level":"\u001b[31merror\u001b[39m","message":"Ip Adresi: ::1 - \n    PATH: /create - \n    BODY: {\"name\":\"Emircan Yaşar 3\"} - \n    PARAMS: {} -\n    QUERY: {} - \n    ERROR TIME: 1692570594254 -\n    URL: /create -\n    ERROR MESSAGE : Error: Bu isim halihazırda kullanımda - \n    ERROR CALLSTACK : {} -\n    CUSTOM INFO : undefined\n    ","timestamp":"2023-08-20T22:29:54.254Z"}
{"api":"Node Game Server","label":"Uygulama V1","level":"\u001b[31merror\u001b[39m","message":"Ip Adresi: ::1 - \n    PATH: /create - \n    BODY: {} - \n    PARAMS: {} -\n    QUERY: {} - \n    ERROR TIME: 1692570653824 -\n    URL: /create -\n    ERROR MESSAGE : Error: Bu isim halihazırda kullanımda - \n    ERROR CALLSTACK : {} -\n    CUSTOM INFO : undefined\n    ","timestamp":"2023-08-20T22:30:53.824Z"}
{"api":"Node Game Server","label":"Uygulama V1","level":"\u001b[31merror\u001b[39m","message":"Ip Adresi: ::1 - \n    PATH: /create - \n    BODY: {} - \n    PARAMS: {} -\n    QUERY: {} - \n    ERROR TIME: 1692570658478 -\n    URL: /create -\n    ERROR MESSAGE : Error: Bu isim halihazırda kullanımda - \n    ERROR CALLSTACK : {} -\n    CUSTOM INFO : undefined\n    ","timestamp":"2023-08-20T22:30:58.478Z"}
{"api":"Node Game Server","label":"Uygulama V1","level":"\u001b[31merror\u001b[39m","message":"Ip Adresi: ::1 - \n    PATH: /create - \n    BODY: {} - \n    PARAMS: {} -\n    QUERY: {} - \n    ERROR TIME: 1692570666872 -\n    URL: /create -\n    ERROR MESSAGE : Error: Bu isim halihazırda kullanımda - \n    ERROR CALLSTACK : {} -\n    CUSTOM INFO : undefined\n    ","timestamp":"2023-08-20T22:31:06.872Z"}
{"api":"Node Game Server","label":"Uygulama V1","level":"\u001b[31merror\u001b[39m","message":"Ip Adresi: undefined - \n    PATH: /create - \n    BODY: {} - \n    PARAMS: {} -\n    QUERY: {} - \n    ERROR TIME: 1692571184910 -\n    URL: /create -\n    ERROR MESSAGE : Error: Bu isim halihazırda kullanımda - \n    ERROR CALLSTACK : {} -\n    CUSTOM INFO : undefined\n    ","timestamp":"2023-08-20T22:39:44.910Z"}
{"api":"Node Game Server","label":"Uygulama V1","level":"\u001b[31merror\u001b[39m","message":"Ip Adresi: ::1 - \n    PATH: /create - \n    BODY: {} - \n    PARAMS: {} -\n    QUERY: {} - \n    ERROR TIME: 1692571230846 -\n    URL: /create -\n    ERROR MESSAGE : Error: Bu isim halihazırda kullanımda - \n    ERROR CALLSTACK : {} -\n    CUSTOM INFO : undefined\n    ","timestamp":"2023-08-20T22:40:30.846Z"}
{"api":"Node Game Server","label":"Uygulama V1","level":"\u001b[31merror\u001b[39m","message":"Ip Adresi: undefined - \n    PATH: /create - \n    BODY: {} - \n    PARAMS: {} -\n    QUERY: {} - \n    ERROR TIME: 1692571230861 -\n    URL: /create -\n    ERROR MESSAGE : Error: Bu isim halihazırda kullanımda - \n    ERROR CALLSTACK : {} -\n    CUSTOM INFO : undefined\n    ","timestamp":"2023-08-20T22:40:30.861Z"}
{"api":"Node Game Server","label":"Uygulama V1","level":"\u001b[31merror\u001b[39m","message":"Ip Adresi: ::1 - \n    PATH: /create - \n    BODY: {} - \n    PARAMS: {} -\n    QUERY: {} - \n    ERROR TIME: 1692571243093 -\n    URL: /create -\n    ERROR MESSAGE : Error: Bu isim halihazırda kullanımda - \n    ERROR CALLSTACK : {} -\n    CUSTOM INFO : undefined\n    ","timestamp":"2023-08-20T22:40:43.093Z"}
{"api":"Node Game Server","label":"Uygulama V1","level":"\u001b[31merror\u001b[39m","message":"Ip Adresi: ::1 - \n    PATH: /create - \n    BODY: {} - \n    PARAMS: {} -\n    QUERY: {} - \n    ERROR TIME: 1692571243107 -\n    URL: /create -\n    ERROR MESSAGE : Error: Bu isim halihazırda kullanımda - \n    ERROR CALLSTACK : {} -\n    CUSTOM INFO : undefined\n    ","timestamp":"2023-08-20T22:40:43.107Z"}
{"api":"Node Game Server","label":"Uygulama V1","level":"\u001b[31merror\u001b[39m","message":"Ip Adresi: ::1 - \n    PATH: /create - \n    BODY: {} - \n    PARAMS: {} -\n    QUERY: {} - \n    ERROR TIME: 1692571296712 -\n    URL: /create -\n    ERROR MESSAGE : Error: Bu isim halihazırda kullanımda - \n    ERROR CALLSTACK : {} -\n    CUSTOM INFO : undefined\n    ","timestamp":"2023-08-20T22:41:36.712Z"}
{"api":"Node Game Server","label":"Uygulama V1","level":"\u001b[31merror\u001b[39m","message":"Ip Adresi: ::1 - \n    PATH: /create - \n    BODY: {} - \n    PARAMS: {} -\n    QUERY: {} - \n    ERROR TIME: 1692571471921 -\n    URL: /create -\n    ERROR MESSAGE : Error: Bu isim halihazırda kullanımda - \n    ERROR CALLSTACK : {} -\n    CUSTOM INFO : undefined\n    ","timestamp":"2023-08-20T22:44:31.921Z"}
{"api":"Node Game Server","label":"Uygulama V1","level":"\u001b[31merror\u001b[39m","message":"Ip Adresi: ::1 - \n    PATH: /create - \n    BODY: {} - \n    PARAMS: {} -\n    QUERY: {} - \n    ERROR TIME: 1692571552322 -\n    URL: /create -\n    ERROR MESSAGE : Error: Bu isim halihazırda kullanımda - \n    ERROR CALLSTACK : {} -\n    CUSTOM INFO : undefined\n    ","timestamp":"2023-08-20T22:45:52.322Z"}
{"api":"Node Game Server","label":"Uygulama V1","level":"\u001b[32minfo\u001b[39m","message":"Connected to MongoDB","timestamp":"2023-08-20T22:46:37.229Z"}
{"api":"Node Game Server","label":"Uygulama V1","level":"\u001b[31merror\u001b[39m","message":"Ip Adresi: ::1 - \n    PATH: /create - \n    BODY: {} - \n    PARAMS: {} -\n    QUERY: {} - \n    ERROR TIME: 1692571597712 -\n    URL: /create -\n    ERROR MESSAGE : Error: Bu isim halihazırda kullanımda - \n    ERROR CALLSTACK : {} -\n    CUSTOM INFO : undefined\n    ","timestamp":"2023-08-20T22:46:37.712Z"}
{"api":"Node Game Server","label":"Uygulama V1","level":"\u001b[32minfo\u001b[39m","message":"Connected to MongoDB","timestamp":"2023-08-20T22:47:50.295Z"}
{"api":"Node Game Server","label":"Uygulama V1","level":"\u001b[31merror\u001b[39m","message":"Ip Adresi: ::ffff:127.0.0.1 - \n    PATH: /create - \n    BODY: {} - \n    PARAMS: {} -\n    QUERY: {} - \n    ERROR TIME: 1692571670793 -\n    URL: /create -\n    ERROR MESSAGE : Error: Bu isim halihazırda kullanımda - \n    ERROR CALLSTACK : {} -\n    CUSTOM INFO : undefined\n    ","timestamp":"2023-08-20T22:47:50.793Z"}
{"api":"Node Game Server","label":"Uygulama V1","level":"\u001b[31merror\u001b[39m","message":"Ip Adresi: ::ffff:127.0.0.1 - \n    PATH: /create - \n    BODY: {} - \n    PARAMS: {} -\n    QUERY: {} - \n    ERROR TIME: 1692571708597 -\n    URL: /create -\n    ERROR MESSAGE : Error: Bu isim halihazırda kullanımda - \n    ERROR CALLSTACK : {} -\n    CUSTOM INFO : undefined\n    ","timestamp":"2023-08-20T22:48:28.597Z"}
{"api":"Node Game Server","label":"Uygulama V1","level":"\u001b[31merror\u001b[39m","message":"Ip Adresi: ::1 - \n    PATH: /create - \n    BODY: {} - \n    PARAMS: {} -\n    QUERY: {} - \n    ERROR TIME: 1692571756752 -\n    URL: /create -\n    ERROR MESSAGE : Error: Bu isim halihazırda kullanımda - \n    ERROR CALLSTACK : {} -\n    CUSTOM INFO : undefined\n    ","timestamp":"2023-08-20T22:49:16.752Z"}
{"api":"Node Game Server","label":"Uygulama V1","level":"\u001b[31merror\u001b[39m","message":"Ip Adresi: ::1 - \n    PATH: /create - \n    BODY: {} - \n    PARAMS: {} -\n    QUERY: {} - \n    ERROR TIME: 1692571870840 -\n    URL: /create -\n    ERROR MESSAGE : Error: Bu isim halihazırda kullanımda - \n    ERROR CALLSTACK : {} -\n    CUSTOM INFO : undefined\n    ","timestamp":"2023-08-20T22:51:10.840Z"}
{"api":"Node Game Server","label":"Uygulama V1","level":"\u001b[31merror\u001b[39m","message":"Ip Adresi: ::1 - \n    PATH: /create - \n    BODY: {} - \n    PARAMS: {} -\n    QUERY: {} - \n    ERROR TIME: 1692571874554 -\n    URL: /create -\n    ERROR MESSAGE : Error: Bu isim halihazırda kullanımda - \n    ERROR CALLSTACK : {} -\n    CUSTOM INFO : undefined\n    ","timestamp":"2023-08-20T22:51:14.554Z"}
{"api":"Node Game Server","label":"Uygulama V1","level":"\u001b[31merror\u001b[39m","message":"Ip Adresi: ::1 - \n    PATH: /create - \n    BODY: {} - \n    PARAMS: {} -\n    QUERY: {} - \n    ERROR TIME: 1692571906695 -\n    URL: /create -\n    ERROR MESSAGE : Error: Bu isim halihazırda kullanımda - \n    ERROR CALLSTACK : {} -\n    CUSTOM INFO : undefined\n    ","timestamp":"2023-08-20T22:51:46.695Z"}
{"api":"Node Game Server","label":"Uygulama V1","level":"\u001b[31merror\u001b[39m","message":"Ip Adresi: ::1 - \n    PATH: /create - \n    BODY: {} - \n    PARAMS: {} -\n    QUERY: {} - \n    ERROR TIME: 1692571937082 -\n    URL: /create -\n    ERROR MESSAGE : Error: Bu isim halihazırda kullanımda - \n    ERROR CALLSTACK : {} -\n    CUSTOM INFO : undefined\n    ","timestamp":"2023-08-20T22:52:17.082Z"}
{"api":"Node Game Server","label":"Uygulama V1","level":"\u001b[31merror\u001b[39m","message":"Ip Adresi: ::1 - \n    PATH: /create - \n    BODY: {} - \n    PARAMS: {} -\n    QUERY: {} - \n    ERROR TIME: 1692571940247 -\n    URL: /create -\n    ERROR MESSAGE : Error: Bu isim halihazırda kullanımda - \n    ERROR CALLSTACK : {} -\n    CUSTOM INFO : undefined\n    ","timestamp":"2023-08-20T22:52:20.247Z"}
{"api":"Node Game Server","label":"Uygulama V1","level":"\u001b[31merror\u001b[39m","message":"Ip Adresi: ::1 - \n    PATH: /create - \n    BODY: {} - \n    PARAMS: {} -\n    QUERY: {} - \n    ERROR TIME: 1692571952900 -\n    URL: /create -\n    ERROR MESSAGE : Error: Bu isim halihazırda kullanımda - \n    ERROR CALLSTACK : {} -\n    CUSTOM INFO : undefined\n    ","timestamp":"2023-08-20T22:52:32.900Z"}
{"api":"Node Game Server","label":"Uygulama V1","level":"\u001b[31merror\u001b[39m","message":"Ip Adresi: ::1 - \n    PATH: /create - \n    BODY: {} - \n    PARAMS: {} -\n    QUERY: {} - \n    ERROR TIME: 1692571991783 -\n    URL: /create -\n    ERROR MESSAGE : Error: Bu isim halihazırda kullanımda - \n    ERROR CALLSTACK : {} -\n    CUSTOM INFO : undefined\n    ","timestamp":"2023-08-20T22:53:11.783Z"}
{"api":"Node Game Server","label":"Uygulama V1","level":"\u001b[31merror\u001b[39m","message":"Ip Adresi: ::1 - \n    PATH: /create - \n    BODY: {} - \n    PARAMS: {} -\n    QUERY: {} - \n    ERROR TIME: 1692572101760 -\n    URL: /create -\n    ERROR MESSAGE : Error: Bu isim halihazırda kullanımda - \n    ERROR CALLSTACK : {} -\n    CUSTOM INFO : undefined\n    ","timestamp":"2023-08-20T22:55:01.760Z"}
{"api":"Node Game Server","label":"Uygulama V1","level":"\u001b[31merror\u001b[39m","message":"Ip Adresi: ::1 - \n    PATH: /create - \n    BODY: {} - \n    PARAMS: {} -\n    QUERY: {} - \n    ERROR TIME: 1692572196928 -\n    URL: /create -\n    ERROR MESSAGE : Error: Bu isim halihazırda kullanımda - \n    ERROR CALLSTACK : {} -\n    CUSTOM INFO : undefined\n    ","timestamp":"2023-08-20T22:56:36.928Z"}
{"api":"Node Game Server","label":"Uygulama V1","level":"\u001b[32minfo\u001b[39m","message":"Connected to MongoDB","timestamp":"2023-08-20T23:03:22.790Z"}
{"api":"Node Game Server","label":"Uygulama V1","level":"\u001b[31merror\u001b[39m","message":"Ip Adresi: ::1 - \n    PATH: /create - \n    BODY: {} - \n    PARAMS: {} -\n    QUERY: {} - \n    ERROR TIME: 1692572614635 -\n    URL: /create -\n    ERROR MESSAGE : Error: Bu isim halihazırda kullanımda - \n    ERROR CALLSTACK : {} -\n    CUSTOM INFO : undefined\n    ","timestamp":"2023-08-20T23:03:34.635Z"}
{"api":"Node Game Server","label":"Uygulama V1","level":"\u001b[32minfo\u001b[39m","message":"Connected to MongoDB","timestamp":"2023-08-20T23:04:01.358Z"}
{"api":"Node Game Server","label":"Uygulama V1","level":"\u001b[31merror\u001b[39m","message":"Ip Adresi: ::1 - \n    PATH: /create - \n    BODY: {} - \n    PARAMS: {} -\n    QUERY: {} - \n    ERROR TIME: 1692572645281 -\n    URL: /create -\n    ERROR MESSAGE : Error: Bu isim halihazırda kullanımda - \n    ERROR CALLSTACK : {} -\n    CUSTOM INFO : undefined\n    ","timestamp":"2023-08-20T23:04:05.281Z"}
{"api":"Node Game Server","label":"Uygulama V1","level":"\u001b[32minfo\u001b[39m","message":"Connected to MongoDB","timestamp":"2023-08-20T23:04:44.616Z"}
{"api":"Node Game Server","label":"Uygulama V1","level":"\u001b[31merror\u001b[39m","message":"Ip Adresi: ::1 - \n    PATH: /create - \n    BODY: undefined - \n    PARAMS: {} -\n    QUERY: {} - \n    ERROR TIME: 1692572684846 -\n    URL: /create -\n    ERROR MESSAGE : TypeError: Cannot destructure property 'name' of 'req.body' as it is undefined. - \n    ERROR CALLSTACK : {} -\n    CUSTOM INFO : undefined\n    ","timestamp":"2023-08-20T23:04:44.846Z"}
{"api":"Node Game Server","label":"Uygulama V1","level":"\u001b[31merror\u001b[39m","message":"Ip Adresi: ::1 - \n    PATH: /create - \n    BODY: undefined - \n    PARAMS: {} -\n    QUERY: {} - \n    ERROR TIME: 1692572694582 -\n    URL: /create -\n    ERROR MESSAGE : TypeError: Cannot destructure property 'name' of 'req.body' as it is undefined. - \n    ERROR CALLSTACK : {} -\n    CUSTOM INFO : undefined\n    ","timestamp":"2023-08-20T23:04:54.582Z"}
{"api":"Node Game Server","label":"Uygulama V1","level":"\u001b[32minfo\u001b[39m","message":"Connected to MongoDB","timestamp":"2023-08-20T23:05:03.882Z"}
{"api":"Node Game Server","label":"Uygulama V1","level":"\u001b[32minfo\u001b[39m","message":"Connected to MongoDB","timestamp":"2023-08-20T23:05:09.451Z"}
{"api":"Node Game Server","label":"Uygulama V1","level":"\u001b[31merror\u001b[39m","message":"Ip Adresi: ::1 - \n    PATH: /create - \n    BODY: {\"name\":\"Emircan Yaşar 3\"} - \n    PARAMS: {} -\n    QUERY: {} - \n    ERROR TIME: 1692572710241 -\n    URL: /create -\n    ERROR MESSAGE : Error: Bu isim halihazırda kullanımda - \n    ERROR CALLSTACK : {} -\n    CUSTOM INFO : undefined\n    ","timestamp":"2023-08-20T23:05:10.241Z"}
{"api":"Node Game Server","label":"Uygulama V1","level":"\u001b[32minfo\u001b[39m","message":"Connected to MongoDB","timestamp":"2023-08-20T23:05:48.414Z"}
{"api":"Node Game Server","label":"Uygulama V1","level":"\u001b[32minfo\u001b[39m","message":"Connected to MongoDB","timestamp":"2023-08-20T23:05:52.624Z"}
{"api":"Node Game Server","label":"Uygulama V1","level":"\u001b[32minfo\u001b[39m","message":"Connected to MongoDB","timestamp":"2023-08-20T23:06:33.450Z"}
{"api":"Node Game Server","label":"Uygulama V1","level":"\u001b[32minfo\u001b[39m","message":"Connected to MongoDB","timestamp":"2023-08-20T23:10:54.841Z"}
{"api":"Node Game Server","label":"Uygulama V1","level":"\u001b[31merror\u001b[39m","message":"Ip Adresi: ::1 - \n    PATH: /create - \n    BODY: {} - \n    PARAMS: {} -\n    QUERY: {} - \n    ERROR TIME: 1692573590634 -\n    URL: /create -\n    ERROR MESSAGE : Error: Bu isim halihazırda kullanımda - \n    ERROR CALLSTACK : {} -\n    CUSTOM INFO : undefined\n    ","timestamp":"2023-08-20T23:19:50.634Z"}
{"api":"Node Game Server","label":"Uygulama V1","level":"\u001b[31merror\u001b[39m","message":"Ip Adresi: ::1 - \n    PATH: /create - \n    BODY: {} - \n    PARAMS: {} -\n    QUERY: {} - \n    ERROR TIME: 1692573599719 -\n    URL: /create -\n    ERROR MESSAGE : Error: Bu isim halihazırda kullanımda - \n    ERROR CALLSTACK : {} -\n    CUSTOM INFO : undefined\n    ","timestamp":"2023-08-20T23:19:59.719Z"}
{"api":"Node Game Server","label":"Uygulama V1","level":"\u001b[31merror\u001b[39m","message":"Ip Adresi: ::1 - \n    PATH: /create - \n    BODY: {} - \n    PARAMS: {} -\n    QUERY: {} - \n    ERROR TIME: 1692573628293 -\n    URL: /create -\n    ERROR MESSAGE : Error: Bu isim halihazırda kullanımda - \n    ERROR CALLSTACK : {} -\n    CUSTOM INFO : undefined\n    ","timestamp":"2023-08-20T23:20:28.293Z"}
{"api":"Node Game Server","label":"Uygulama V1","level":"\u001b[31merror\u001b[39m","message":"Ip Adresi: ::1 - \n    PATH: /create - \n    BODY: {} - \n    PARAMS: {} -\n    QUERY: {} - \n    ERROR TIME: 1692573659686 -\n    URL: /create -\n    ERROR MESSAGE : Error: Bu isim halihazırda kullanımda - \n    ERROR CALLSTACK : {} -\n    CUSTOM INFO : undefined\n    ","timestamp":"2023-08-20T23:20:59.686Z"}
{"api":"Node Game Server","label":"Uygulama V1","level":"\u001b[32minfo\u001b[39m","message":"Connected to MongoDB","timestamp":"2023-08-20T23:21:52.913Z"}
{"api":"Node Game Server","label":"Uygulama V1","level":"\u001b[32minfo\u001b[39m","message":"Connected to MongoDB","timestamp":"2023-08-20T23:21:58.792Z"}
{"api":"Node Game Server","label":"Uygulama V1","level":"\u001b[31merror\u001b[39m","message":"Ip Adresi: ::1 - \n    PATH: /create - \n    BODY: {} - \n    PARAMS: {} -\n    QUERY: {} - \n    ERROR TIME: 1692573762418 -\n    URL: /create -\n    ERROR MESSAGE : Error: Bu isim halihazırda kullanımda - \n    ERROR CALLSTACK : {} -\n    CUSTOM INFO : undefined\n    ","timestamp":"2023-08-20T23:22:42.418Z"}
{"api":"Node Game Server","label":"Uygulama V1","level":"\u001b[32minfo\u001b[39m","message":"Connected to MongoDB","timestamp":"2023-08-20T23:28:08.753Z"}
{"api":"Node Game Server","label":"Uygulama V1","level":"\u001b[32minfo\u001b[39m","message":"Connected to MongoDB","timestamp":"2023-08-20T23:29:31.950Z"}
{"api":"Node Game Server","label":"Uygulama V1","level":"\u001b[32minfo\u001b[39m","message":"Connected to MongoDB","timestamp":"2023-08-20T23:29:42.291Z"}
{"api":"Node Game Server","label":"Uygulama V1","level":"\u001b[32minfo\u001b[39m","message":"Connected to MongoDB","timestamp":"2023-08-20T23:30:47.904Z"}
{"api":"Node Game Server","label":"Uygulama V1","level":"\u001b[32minfo\u001b[39m","message":"Connected to MongoDB","timestamp":"2023-08-20T23:30:55.216Z"}
{"api":"Node Game Server","label":"Uygulama V1","level":"\u001b[32minfo\u001b[39m","message":"Connected to MongoDB","timestamp":"2023-08-20T23:31:21.495Z"}
{"api":"Node Game Server","label":"Uygulama V1","level":"\u001b[32minfo\u001b[39m","message":"Connected to MongoDB","timestamp":"2023-08-20T23:33:37.322Z"}
{"api":"Node Game Server","label":"Uygulama V1","level":"\u001b[31merror\u001b[39m","message":"Ip Adresi: ::1 - \n    PATH: /create - \n    BODY: {\"name\":\"Dneme\"} - \n    PARAMS: {} -\n    QUERY: {} - \n    ERROR TIME: 1692574419946 -\n    URL: /create -\n    ERROR MESSAGE : Error: Bu isim halihazırda kullanımda - \n    ERROR CALLSTACK : {} -\n    CUSTOM INFO : undefined\n    ","timestamp":"2023-08-20T23:33:39.946Z"}
{"api":"Node Game Server","label":"Uygulama V1","level":"\u001b[31merror\u001b[39m","message":"Ip Adresi: ::1 - \n    PATH: /create - \n    BODY: {} - \n    PARAMS: {} -\n    QUERY: {} - \n    ERROR TIME: 1692574425303 -\n    URL: /create -\n    ERROR MESSAGE : Error: Unexpected end of form - \n    ERROR CALLSTACK : {} -\n    CUSTOM INFO : undefined\n    ","timestamp":"2023-08-20T23:33:45.303Z"}
{"api":"Node Game Server","label":"Uygulama V1","level":"\u001b[32minfo\u001b[39m","message":"Connected to MongoDB","timestamp":"2023-08-20T23:34:11.110Z"}
{"api":"Node Game Server","label":"Uygulama V1","level":"\u001b[31merror\u001b[39m","message":"Ip Adresi: ::1 - \n    PATH: /create - \n    BODY: {} - \n    PARAMS: {} -\n    QUERY: {} - \n    ERROR TIME: 1692574793548 -\n    URL: /create -\n    ERROR MESSAGE : Error: Bu isim halihazırda kullanımda - \n    ERROR CALLSTACK : {} -\n    CUSTOM INFO : undefined\n    ","timestamp":"2023-08-20T23:39:53.548Z"}
{"api":"Node Game Server","label":"Uygulama V1","level":"\u001b[32minfo\u001b[39m","message":"Connected to MongoDB","timestamp":"2023-08-20T23:40:27.609Z"}
{"api":"Node Game Server","label":"Uygulama V1","level":"\u001b[32minfo\u001b[39m","message":"Connected to MongoDB","timestamp":"2023-08-20T23:41:06.204Z"}
{"api":"Node Game Server","label":"Uygulama V1","level":"\u001b[31merror\u001b[39m","message":"Ip Adresi: ::1 - \n    PATH: /create - \n    BODY: {} - \n    PARAMS: {} -\n    QUERY: {} - \n    ERROR TIME: 1692574874808 -\n    URL: /create -\n    ERROR MESSAGE : Error: Unexpected end of form - \n    ERROR CALLSTACK : {} -\n    CUSTOM INFO : undefined\n    ","timestamp":"2023-08-20T23:41:14.808Z"}
{"api":"Node Game Server","label":"Uygulama V1","level":"\u001b[32minfo\u001b[39m","message":"Connected to MongoDB","timestamp":"2023-08-20T23:41:41.313Z"}
{"api":"Node Game Server","label":"Uygulama V1","level":"\u001b[32minfo\u001b[39m","message":"Connected to MongoDB","timestamp":"2023-08-20T23:41:46.187Z"}
{"api":"Node Game Server","label":"Uygulama V1","level":"\u001b[31merror\u001b[39m","message":"Ip Adresi: ::1 - \n    PATH: /create - \n    BODY: {} - \n    PARAMS: {} -\n    QUERY: {} - \n    ERROR TIME: 1692574908385 -\n    URL: /create -\n    ERROR MESSAGE : Error: Unexpected end of form - \n    ERROR CALLSTACK : {} -\n    CUSTOM INFO : undefined\n    ","timestamp":"2023-08-20T23:41:48.386Z"}
{"api":"Node Game Server","label":"Uygulama V1","level":"\u001b[31merror\u001b[39m","message":"Ip Adresi: ::1 - \n    PATH: /create - \n    BODY: {} - \n    PARAMS: {} -\n    QUERY: {} - \n    ERROR TIME: 1692574917441 -\n    URL: /create -\n    ERROR MESSAGE : Error: Unexpected end of form - \n    ERROR CALLSTACK : {} -\n    CUSTOM INFO : undefined\n    ","timestamp":"2023-08-20T23:41:57.442Z"}
{"api":"Node Game Server","label":"Uygulama V1","level":"\u001b[31merror\u001b[39m","message":"Ip Adresi: ::1 - \n    PATH: /create - \n    BODY: {} - \n    PARAMS: {} -\n    QUERY: {} - \n    ERROR TIME: 1692574920589 -\n    URL: /create -\n    ERROR MESSAGE : Error: Unexpected end of form - \n    ERROR CALLSTACK : {} -\n    CUSTOM INFO : undefined\n    ","timestamp":"2023-08-20T23:42:00.589Z"}
{"api":"Node Game Server","label":"Uygulama V1","level":"\u001b[32minfo\u001b[39m","message":"Connected to MongoDB","timestamp":"2023-08-20T23:42:12.386Z"}
{"api":"Node Game Server","label":"Uygulama V1","level":"\u001b[31merror\u001b[39m","message":"Ip Adresi: ::1 - \n    PATH: /create - \n    BODY: {} - \n    PARAMS: {} -\n    QUERY: {} - \n    ERROR TIME: 1692574953625 -\n    URL: /create -\n    ERROR MESSAGE : Error: Unexpected end of form - \n    ERROR CALLSTACK : {} -\n    CUSTOM INFO : undefined\n    ","timestamp":"2023-08-20T23:42:33.625Z"}
{"api":"Node Game Server","label":"Uygulama V1","level":"\u001b[32minfo\u001b[39m","message":"Connected to MongoDB","timestamp":"2023-08-20T23:42:57.993Z"}
{"api":"Node Game Server","label":"Uygulama V1","level":"\u001b[32minfo\u001b[39m","message":"Connected to MongoDB","timestamp":"2023-08-20T23:44:13.660Z"}
{"api":"Node Game Server","label":"Uygulama V1","level":"\u001b[32minfo\u001b[39m","message":"Connected to MongoDB","timestamp":"2023-08-20T23:44:23.318Z"}
{"api":"Node Game Server","label":"Uygulama V1","level":"\u001b[32minfo\u001b[39m","message":"Connected to MongoDB","timestamp":"2023-08-20T23:44:32.327Z"}
{"api":"Node Game Server","label":"Uygulama V1","level":"\u001b[32minfo\u001b[39m","message":"Connected to MongoDB","timestamp":"2023-08-20T23:44:35.643Z"}
{"api":"Node Game Server","label":"Uygulama V1","level":"\u001b[32minfo\u001b[39m","message":"Connected to MongoDB","timestamp":"2023-08-20T23:44:43.496Z"}
{"api":"Node Game Server","label":"Uygulama V1","level":"\u001b[32minfo\u001b[39m","message":"Connected to MongoDB","timestamp":"2023-08-20T23:45:02.238Z"}
{"api":"Node Game Server","label":"Uygulama V1","level":"\u001b[32minfo\u001b[39m","message":"Connected to MongoDB","timestamp":"2023-08-20T23:45:07.601Z"}
{"api":"Node Game Server","label":"Uygulama V1","level":"\u001b[32minfo\u001b[39m","message":"Connected to MongoDB","timestamp":"2023-08-20T23:45:11.902Z"}
{"api":"Node Game Server","label":"Uygulama V1","level":"\u001b[32minfo\u001b[39m","message":"Connected to MongoDB","timestamp":"2023-08-20T23:45:16.163Z"}
{"api":"Node Game Server","label":"Uygulama V1","level":"\u001b[32minfo\u001b[39m","message":"Connected to MongoDB","timestamp":"2023-08-20T23:45:27.998Z"}
{"api":"Node Game Server","label":"Uygulama V1","level":"\u001b[32minfo\u001b[39m","message":"Connected to MongoDB","timestamp":"2023-08-20T23:45:34.410Z"}
{"api":"Node Game Server","label":"Uygulama V1","level":"\u001b[32minfo\u001b[39m","message":"Connected to MongoDB","timestamp":"2023-08-20T23:45:38.439Z"}
{"api":"Node Game Server","label":"Uygulama V1","level":"\u001b[32minfo\u001b[39m","message":"Connected to MongoDB","timestamp":"2023-08-20T23:46:03.737Z"}
{"api":"Node Game Server","label":"Uygulama V1","level":"\u001b[32minfo\u001b[39m","message":"Connected to MongoDB","timestamp":"2023-08-20T23:46:09.877Z"}
{"api":"Node Game Server","label":"Uygulama V1","level":"\u001b[32minfo\u001b[39m","message":"Connected to MongoDB","timestamp":"2023-08-20T23:46:23.752Z"}
{"api":"Node Game Server","label":"Uygulama V1","level":"\u001b[32minfo\u001b[39m","message":"Connected to MongoDB","timestamp":"2023-08-20T23:46:31.561Z"}
{"api":"Node Game Server","label":"Uygulama V1","level":"\u001b[32minfo\u001b[39m","message":"Connected to MongoDB","timestamp":"2023-08-20T23:46:55.240Z"}
{"api":"Node Game Server","label":"Uygulama V1","level":"\u001b[32minfo\u001b[39m","message":"Connected to MongoDB","timestamp":"2023-08-20T23:47:11.233Z"}
{"api":"Node Game Server","label":"Uygulama V1","level":"\u001b[32minfo\u001b[39m","message":"Connected to MongoDB","timestamp":"2023-08-20T23:47:44.570Z"}
{"api":"Node Game Server","label":"Uygulama V1","level":"\u001b[32minfo\u001b[39m","message":"Connected to MongoDB","timestamp":"2023-08-20T23:47:51.461Z"}
{"api":"Node Game Server","label":"Uygulama V1","level":"\u001b[32minfo\u001b[39m","message":"Connected to MongoDB","timestamp":"2023-08-20T23:48:04.797Z"}
{"api":"Node Game Server","label":"Uygulama V1","level":"\u001b[32minfo\u001b[39m","message":"Connected to MongoDB","timestamp":"2023-08-20T23:48:41.267Z"}
{"api":"Node Game Server","label":"Uygulama V1","level":"\u001b[32minfo\u001b[39m","message":"Connected to MongoDB","timestamp":"2023-08-20T23:48:45.094Z"}
{"api":"Node Game Server","label":"Uygulama V1","level":"\u001b[32minfo\u001b[39m","message":"Connected to MongoDB","timestamp":"2023-08-20T23:49:07.888Z"}
{"api":"Node Game Server","label":"Uygulama V1","level":"\u001b[32minfo\u001b[39m","message":"Connected to MongoDB","timestamp":"2023-08-20T23:49:11.742Z"}
{"api":"Node Game Server","label":"Uygulama V1","level":"\u001b[32minfo\u001b[39m","message":"Connected to MongoDB","timestamp":"2023-08-20T23:49:43.145Z"}
{"api":"Node Game Server","label":"Uygulama V1","level":"\u001b[31merror\u001b[39m","message":"Ip Adresi: ::1 - \n    PATH: /create - \n    BODY: {} - \n    PARAMS: {} -\n    QUERY: {} - \n    ERROR TIME: 1692575387464 -\n    URL: /create -\n    ERROR MESSAGE : Error: Bu isim halihazırda kullanımda - \n    ERROR CALLSTACK : {} -\n    CUSTOM INFO : undefined\n    ","timestamp":"2023-08-20T23:49:47.464Z"}
{"api":"Node Game Server","label":"Uygulama V1","level":"\u001b[31merror\u001b[39m","message":"Ip Adresi: ::1 - \n    PATH: /create - \n    BODY: {} - \n    PARAMS: {} -\n    QUERY: {} - \n    ERROR TIME: 1692575436335 -\n    URL: /create -\n    ERROR MESSAGE : Error: Bu isim halihazırda kullanımda - \n    ERROR CALLSTACK : {} -\n    CUSTOM INFO : undefined\n    ","timestamp":"2023-08-20T23:50:36.336Z"}
{"api":"Node Game Server","label":"Uygulama V1","level":"\u001b[32minfo\u001b[39m","message":"Connected to MongoDB","timestamp":"2023-08-20T23:51:14.021Z"}
{"api":"Node Game Server","label":"Uygulama V1","level":"\u001b[32minfo\u001b[39m","message":"Connected to MongoDB","timestamp":"2023-08-20T23:51:20.104Z"}
{"api":"Node Game Server","label":"Uygulama V1","level":"\u001b[32minfo\u001b[39m","message":"Connected to MongoDB","timestamp":"2023-08-20T23:51:34.403Z"}
{"api":"Node Game Server","label":"Uygulama V1","level":"\u001b[32minfo\u001b[39m","message":"Connected to MongoDB","timestamp":"2023-08-20T23:51:45.972Z"}
{"api":"Node Game Server","label":"Uygulama V1","level":"\u001b[32minfo\u001b[39m","message":"Connected to MongoDB","timestamp":"2023-08-20T23:51:50.621Z"}
{"api":"Node Game Server","label":"Uygulama V1","level":"\u001b[32minfo\u001b[39m","message":"Connected to MongoDB","timestamp":"2023-08-20T23:51:53.902Z"}
